U2FsdGVkX1/+7brAAAAAACqzc93vz3KVK4ust/hnQFPF7PznbmGEseWnKT3aebOn
5AtxKlE4YFn85N7YsJObC3+LZtTgBOCHRtogHvEYMpR8gPpcSQElJwK0XhAou+nX
i2YbtwfaP+Ta7u+XmLQYd1xuDoF2hSnCo0jq5tJhFkewAtZHscV71WW9EgxeW7Nl
/x7JrfzPjTuePR1z7rLRa1GvcznCtoK8KjLRvP/ca2tvgUVun7fB7m8Zzc05c2W7
u/wyyGEKzz0Q7FAhRQ2FObRkGEksYMUZiLKbULpb8jMmTgjyYh7k5VmvviJdgZ5Z
k+W9eJEXWmBLpG7Ly1Jhhvx66xy8tb7Gf17Mm28zHToHWKi5Hk4eezPutXryiWgz
bZLq7uNtXNf/PXlrT/7JbA8/yISEnBxDsj33kgaYRVgQbp8K01NUr9QD79HoPFOn
B3gViDMyn1DFXDsNUwNxdrCrdcWw6WAz8GuHdlo4HeozNe6yX8KBbhbnrJGIF6wU
oU1s3sx0c8daFCDCnza2bxraQ62R77/ICRj9mtaaNLd7lTBK5rbvBBFFAq+kfd+a
AgGk7qhJa6ouYuYyqs0nSfnFGEKHfuSmWEZJxm+wq2zmCAc2s+cdk2lQZDnWOMGT
ELBwHGsuZAYvX5QWehvodA4oLBX3pFD2MSC9tNbpv62E16jHnKah9GCIm3AlUe6S
1F8UAvUBoa8QyRiHGqIh6zLEnrXEHVJvY6XOf4Wkmk0Muno8826EIz7/IUZXn8Xe
rfSFrcM0eFbdBvdm/VRfy2j9FYMfTiKXIgqmAhH95raIb3e1Hwt7mGMCxsi2h7Me
wPf/94VKaf/thQr1jDUPEPhUeeLX9de/dLTYg6eDmcm16ejiYloHncHZXyYBuEpx
bwgvsKeuNcI3ZGgTFTiknHPRzydgZEcTqU1JBZQdaJt+nwrMVZl+9N2C69MuluUc
1mGSd5b6THLfIXAJWDqUnKXczTqKQwQylnP1g9ukhVPinqnKjUdo/Jo9s9eIr6Ug
lPKeWCO5NiRe1vWWBYNYH5eVDSsVca3d72NAxovGZ0jhHyQxkIf6gtfOOShnRxfK
KFf1O5ErK+VEvxlE45PpRJvEm6oT+vmkihoTca+/v7aiwVbZNFHka9RIx2k+786l
wP+xjigXKF1N1btpLZXNAnYe2Kx+8CywA0bY+suFqsnJMEtx/IS8zDkQhoWMdZNU
tbcWWHGkSKa1mpmLQRA70TCI9oFxqKNbLOlpVlTqEQ/tmJ9xxy+CQt8wwOo8u9gR
XhLVMzwZ4yguwfysaVE8s1sPFh0wOKAM0s/DCjodcY7EavjA5W5XI+vlzcqSYF5i
rBIfkeyNbDT/2OAFPukoK3GplozAHQlE5IOUofqrTmKlGqPv2yMd4ulzn2L3KQAz
+vtCr1WfNsb+qhtYu+bPX4yvRce3cqA5zmcRlDNhfOfrqjv/KT/FJr2lP17i6O5G
yTtyAeADeuOT3aSLXLVbgE7osF+pUJ+M0Ck/0eWs13RLYrtMmRH8JcmzhioVHwAy
pXhLdKzDUTlR7jALVbzrK6cKB4OamD2BmwuGLy66MA8Y5/dBvhG6jdJf9wNq5fP/
kLVvb+5+EX0ynhCfYJa8t7gNRZxRUxmHucps7zvbu09YNU7oRGcZ+A9flehLME7O
lfhtCMZOwo5T2O59JJ0lA8st6LWHuZT6Lb4Y5RdpUMOEi/Nz9Ggkfba6a/fZhwyz
/IBtDhkMpzR6+RNHG37dNkYNn7C9Ipdb4k+/mdejQxbwsFQ/xz/kC6pppExAy54u
8muA8YwxFvN/SYGNBUGRTcQhGxkfK1ERHo6NvK6pkgl4GeWH4BQjQpJXDDAM+zdq
Cj5F9vEWrt5bkxFGvKDpRq2+2sbNSf3+34i4nGe3CK0k3h6TDGgJuQ5G5X6PI308
wHTR+FkS33afyG7vPixxMTVmiXgPtmUIFI70K7INXF5nEJFhmNeJ9FL6sY47xPco
lmPJYrobfJnC1frouJDIuCqDzLbbBoXHdujhFQtURto24xOUZq2fAYZv4/kcT9Xu
8TH7lbUhdp3h+S66LALDROa9ZuflXfOw/DH+GSFqf6Q1U/rIXpXLe4Eu4QkKqmOp
1rdVRsK6V563jQUk3x2xJkI2SYJh+dMFeveFVyxZJQDZObuDAjkrc/zkXc45k+0v
19wjS2JxfVW2JDy1oFkbMOQzfTClg04pCPMnkQnE1oINV2LxNVlgCO4L/z984DOl
2SrCoT+7hQZ480yFZOGTb7h2BrAwmCnbU1oHwiCZ0e5XnIZYlgj4+wrGP2jDQdO0
8oar2QMFJZSLdcmZAoHVJBnIeFvKMTRB6gcqDZzw/OEX8dafmo+izCq9CrDzYctq
eV8e3r5iXnRBDMwORyizo7JAxLw7pNj8rvxxLp8u1mogBnyBlOYhGEtavWNXq0zb
tuQSPGN1WnP9b5SqL6PTD3oI8LHLy7HUkdyT0WVP3Orrpt5lie4jWfurwmFXWlhh
u0KVyI8UU5xON0hPXcDd36Nm15gZSYrkdKznqx+G7itnSp89pMgriV4KUVuZ0uZa
VGv9rxepkqIejhCphQzIRyn9PihZsfy03AV09Q7zF14wKXpaiPFcYxvP6V47Bef0
An/bUN3/vwvS886QgiUsbw9QcdRGmc83NLFK7Kv+TPgGiKNpF2Im7l4LxfeW5pMI
FdxLoWYrSUo8XYv6ouTvS1hTGy7xWXOP4jsCS4HPUoF0Go78t7Xhn68hNuDLDJ96
iJfOo4CdvtjSSXYFlsQGzhLXPtz/QZMhUKrvOSVRKIYA857sSZXchEqDAxFLCVSf
w/mQQsgi205iSWnwPcWqsmW6GyxIrICo4uWbSlJEs3qO2eDA8sKns/b5vd/e6Jnp
vupcl/8SIrjXIQGjQIGVDmyzmFNZofsOsCsS+fGjTvqX+cYeKF6mXm2NXqhznu3+
aL3A8lpO79RkUajZqVIEJm0PkfPboBkdqQZBbxsykH/grexESa9H9XFOEBFzxMvl
SDjmPWeUAxzY+hzliqDuAsW/4fOu+dbKh4cCLV98dHNoC8qpNFxLyWVtRgeeaSm9
kZ+lK0YmeXnsLxlzzrj17f7en1UZMkUpTngRgHeciJlxhbFAuqBRyZI1TUJEMo8n
RYjInKPUWmSn0SmU9ZahfNRgzFAJwOoDI8xQry78Lpr1jT50bchMk/Yw/n0MbpXM
FWjzrzKR18IZcTxgZPtrxn6gluyOSIXUMbyDHKsYBVIN5nyfVwa+B+n3KumYxji/
tircLj25dgCcpKJjJKbS7ImWQHDruljqz8pzpv4o+UqZr0ZlIvJ0lXvg5jcGe7rs
fIlka+TutGN2rFENpHaecGFn2bzh70h9M2uQDYjAjXty5gBQDXa6KQjwjCB2vkgs
5f8cKaehxoD0O/ikQHZwZdDzsJRCEBCrONJgwXUKS+DbCw6cLdFh8o5DTEz/QOB9
GuQ4lGUYOzGAxa0fJWRRIxDlxqvgnJH+ZPogtVCMILp6ikVT7M4UvMuWOs4iEEUQ
b9J8n5sYdOQ+spZi6f8aJSoAiPtQdQu5ONvlsBEW5DAXauwj1cU/eWHJvUwQOFN7
yRFu95vrZBdTWG77Hhocezi25D7m23ZT3eiyuT+k7zqRb7pLYiZpeHlvDofaqpIS
AzL3VXT/7WScsTNCCbkgD7fBpTS00XSH92xanFxVKrnDdVRkmmtb5eErd/KQkf6I
9XoowdF+7eTGJ9ZdMaFdqav0m1+mQlHcbNe4j3GzuW0SQ0UxBb7VoD8cdyIoby5k
TZ6YNS2DVCGiL4YuPNheaVwUFYhu7BLxYQti44Rye+4yntB1mkxREiGHptwcmjxl
2JpSXdsK4Es6y4pq4okzwjazYfZEPdtVlOao0y+7GhWLqA7DPAcPpuvjYacaM3A3
HJXZ3K3+p4pzblcBsY/PQ5Dkeyzd6U9MS0GqzIwlc1VyHjEZ1tSsnZ0IL25Q0Hzw
zvOLmwsCJWhYWMFrRipafl6Vr8ltQk6bqTeA7Y5trAS60IZZyiYcSNuj7iDwxDzU
lkAY5pBPxTzxw7VnpyAhl0dfsdEKyMKyk+sGKgVAkMDSl3EN6vfO9dE+H0lk3KWU
SokcG+ckY3h+tvknABJ+3YdEy9kzLtRVZPx6tbTRnnAWvLwzgBVl4QDYtpIC25gg
2118VjdpqUZu3A91aJ3DQDFeQUN4+HllorLMJhyAde39Y3neHPDFMFzijE+NHZ+z
HKXT83687s1j08gS5plUtrsAfcaccGQuVOOKA5Irliv5mRO4ualRkuPLpOybV7QK
bezi/wS9j/UAZ/E6Ss7kFrD2uDylnu1Fd3EFWg0ZHvgAINHxXn1LEUNr+zfgu/Ky
E+b1bgTRRy+8hJ2LvBmnkDjhU2jBlXcmdEphCUxE/q+wu8yB5m/dwYSAU/W5TxsS
ovKYouCWAKY18XtbG+7SPdy3J0Vfvw2sYyv3TwKrtzFYUXr1fKFwS3Zl44sKgEfF
kr7Se0HhaWilgVcuJW27dFykzGEU2iU053eAYT/PMxhVNy8tf4mf49heG86sMvdq
hWlXp/a7PQXaNxQfrQvpa5PaGZza69ktgQw9XK5GO7fFz/6juiwd/SkOLqIbBrKg
twammIukAPGqSJ/HrBkkXSIIXRhkWWjAAKrKV7/J4cRYrp7qQjhnRD/s86JHWfaQ
eR2QcxojX4ZUKHCSgKefcKUkk6yMW6JgoRBUxQ4SSDhyjYQyYh+pCAuYPPhk4XDg
o5HJlcTObn1BQWNsDF5xblzr8D+wWxOB97a/aS5Q/bb34Cfk6aQbmobkeQOfm4at
plUb/T6jBqI4PCK7/6gvLzOF3J9m9vlrR+TRly+n+docX95NPuP/6WFQX0thb/pL
L1cK/TEHc+QBnxWmwkaWxSWNVzxsG9Xlcl4lkMQr7j7+mlFNSdv+4i6LHxQL8+kR
CLs5qZfb95SxjBf5NXbG549fjAbsKiMfNlmrdMa1VBymGW0G06gisetG4ugjZEBr
tWVTZVAiYEl0HwYjdibVtnIzkyywxDLkVCQdKE3OozuYNPZWsnZ9gorTd14zHiP7
pYDhRirsLUdimgQpeJ83l2VgvIDVo3dHa04z47Squ4gITFEZLe3o+JKG6y4O14Ih
Z9F87UbTm1YrO/cyzJQPm/SzYop9G9YcmSeBBlm1EcFzv0i8FbeeRw6VedOIGGY/
B3B026Eq2t4aJBZMrqQgYzapeiLD1quJFttLwJ+rUh6p+TL0zYTOAtu3APyQGNpO
xPPIj02ULQOwC78iyQKIoWp5motHKdY9cS5nyfFIdJdEyIMQupHEskFf/1LjEG1i
n9h4SbYP6TsgUOsjHRe2xtvYqT3osU+a8AaHEER9LHNMfz00SfaWmIaCV1gr3E4p
IDQiPV/QmCf54BDq2FA0+Io1YgjHf68q288WlyQxD544+CkaWK8Ya40fZ9YcHTvt
uCAN/4XQrnDD3BbuO8zzpOHq0Fdm/q01oPueYQKXhkzjTOr90IRtXJnXsSaNVtld
bLiiXH0ikU6PI6Q+nfhy1QwXA0tWogxsg2P7xCwyDnBXj6jyBdVJBtSynYqTvzqd
l/B/PCxF/8Ggbyv17ieH39IlLx1Ad21pGqgIIPTodgFOrI84HrOBFFsY8ciqK4U3
1kXQIb75n1G5ahz5UrbsmuPPzXksmcwuj3WEb1phGJ8N2cZS3DiYxOx/wULrvCac
HnMenoEaOye4fjWQnmmL091nX5W/mYIagODdVR6BXCKL5Czka2ZDJ7RccMTUvoJJ
6BQ2ddcNu/Jt6P1Oyd3BeRCjGY9/jP9IsFKt2DziWFDroHF5DYO14pnIuQHwZOR5
wGVxMnqhMwouD7T206vIXfpuz9QaQ4cKHQDjhba3xn4ud1liSGhIIIlHNOz83QcT
m5WQH+5zwqYZ/U+0wRGdu40u4fzFRRDhlt2rVxEAU32tSH3GOZmvx4v6/fpA8xX9
4L3ET54Ol4nagaTU3+s8nSbssieRFerSNxuwFs/pH4v01udOCLRNsq4/k8sU/wP1
KRbZ/xFkPu9kcQOnn9qI9neYrhkeaqzrYk++6rQUhGUEbvOZ7krp/nY0ZSjMVBO6
jXKKoJ8ZT+GF5KMNRo+8RFJiyiBfqsZWMIoUT38C6MGuiYvOwjP3ldXZ8wg82MQn
md3lXFwa4V03TaBUp+PLsXJwD/YMgJdBkS1IIPMrJP3t3SLmsJN/LrzVAW72wMXE
B05D65T+VqOhj0X20UCcZQyKjBo4QKJJzzFntpsAzASY6gQDk9/pREXYDeT7IiNX
QZ/6AdXm5Cvd/gTY8lmU/IfK+s6K37EUW73gvxCw2om0XvTR8SME5hAjun2N3I2k
lkTFF9oKIx+NfjAh+jXsfiDiT8/BRYm5xjmnYiK/Xb0KjqMq0hLQHOdNRljL8IMh
LZmqXJCZ3P6z/N/1bInnbIkBSEeuYbSVvhKIuaLY7xGxQvjeuOQ/qDvdTgSUe+uv
wrFGtNBYphUpkYnMvTwMs8AvX40jeAip8fK5M/aOe62qi3oKiNaXQyYQM1A/COgY
+jahL8DTPAQ0cz5kbDdfjDDVWLI9f7oZ9Re7ZSvsQKPpyK/XwtWMviQTTEwhOPcn
V0pyJVdgH/QAD1jNNkpSIvLzk55DtzVLJHAMmeopcxr9x08AQYJsEHa4xs+SPYyP
TNSyi1zidOB+9RZjkf7z7r1UPlLLBN5Nmohg1et6FaM/MgyLUawCeyxC6OEW3NVf
dmGx1g+kUyHbpOWh6jSBVfnuGHJA/Pz434IEYlEadScoVXs+7Ijj9mbEgzSUquP3
pHJswBSDnzM65z197IkurxIr1nVkOZIxsDswUfqkVpjlwZwBtN4TfTzSz2cZY8Jq
RAUJDaXtddCi1Dz2M/RLcPbz7OqHTOMeL6j9KLZybeZw7WcoNrNil0eJXLmMDZJl
uIBtH8WCO4dF8PAutQ7qJQZQAvEdpLg2xWXA3UrdOZT03LAq1jRPNP32Rbu6AA85
9mvzqquyB2lT9WRALrZJSfvoft3sQkHf7V3uPC/7eMFULDmwDiWDZDCp9mlu3M/f
3J8lJdLp8WIRdHmLiTIQZi5GI3gLGGC/aYscKt9wQn5dztG8xoX4uxh+wGNsmcvq
D1sUcbpARD8ztCXXgtXmmhg/QX1bOx7lcFGydfAPIekqVrDw3LkA64V5md45UHvC
mL9tEr3b+pUlmz15CNpqUKjSYHlwtlzJoT0wdz0e3FTGI280ocP8kV7gdukZ75Zm
S5fWOppitB8KjUTKAVJu61VMXxtKwYarDmhbq/2Te1x7TN5pgqG2B7qQgC6/h1BB
rw7LS1lQHZJ/n9k4GdTAK4Fw8n+fnWdhyAeUriBy7nR1d8unRJZVNCnDXXmBe+38
CEYvnujwzWSUojzI1ldYKeXpDsDI3cQ1zNMuK2hCkc2GeZX65l928XtrM9JuEYv7
N/QazI+/Bo+0a15MybpmvB2ETu59GG7C5qWcWMzbhRRKAZIsk3eInfXN7oXsXgPB
0HQa51meOrD8zwCj2IlZCRhFBJEDBnjKN3WYvTb4uxKyDRNXw2hzSEaj3vpq2/nN
FjYOYguCMqvMon5F3DhWlKm3/69BPhNPaESxl8KPAJCOS8Ag36HP2+L+xbcVNxc0
wzB0cgD+zlcmtoqu+eVZbYuYtmc2ktdYkMRLHjdbCRcP/Eqi3ZRxfyKMzbXmtKg5
ng0s0UB0cvSkp2bttsjvokhvUAPCtuaqsyf8YgApuDQPasrMQRZIopxQK1w15AGW
ew2b/jiXMbHU7m1CXcYgc5nAzoDdjo/KCi7nyp5uQTPbg12Vh9s9PT+ny5Ryj6KW
GAzoSWcW1uE0sxJP6dtmngO9oL0sRMrUVWExsBLH2pvvA6Iy5+TUA+C7dAZ2a4TO
G5lfO6TNPZfBQ102Gt8Jaf+ObXhwaXWeFC9DvRybffhLB6AvuLZCdwBkgmAPk/c2
ZXTgDhfowLjCT4oEfmvcb52mILf8BuBLUOK6CqUh32y/gzIgQ4jn9qVtiYsw7+XP
004HYMk9HjGVizkYU5ddb2dFe2e0cgyFbJh4hlbMn6IEwYqTe4EuZthzkH3ClrqF
kRqZhv1QSqFIqwSpOKN2D2dD1enavNZVQclHt0hZYsnCc45V/1ZJGLIYKkZ8xfvH
SepzOpJmmmpxTN9FmZbd9AHs4L5SGzy7eF4VsWijWiUmfd0A916nhYwkwKgW/lmu
6TqaLzQg7bTMNRUP/GqzsAtCTkDj8cCxqxat9Qz1/VTl+IPFzXLCKy0CUSEc/GHi
babxlt1l1g+62IgbpXc7cdwaif9xMbiAlpCTgW/odcxz6t4CRl4ubyFBGJqxgtIT
iHTIuRlFl8SVt/TiF9zYV887Iy5oe6akTPMv51cxNG3lkwY2smZJHCWXljybKULY
k/hUpxep297Nbx29xIe2ZP3r6H+MJVn8KRdx4K7juqItn+Z3v4mv+VcR0BNaMPsx
+lscf/32ZpU7PawPdjG2qLlIg6CpJZJ6bCdDxq2FXvauqU4dU3dgW1mkowMdg/Q9
KX16fmtDtTj/+g67MhMjNHkrv0TsxG/5YIuUGcwodzt/aPFoBBME5rzVLLkL056V
N/1A3AgbYcyQsNmGgO1YzWmUXTrA85lxzOeuDqJAzilPTEU44YJLHVwsd5Y3tJ+/
cu/2gUQ/w2DIj427YulWM7YRiU7oY+0UotR+23ynLIH6P4e9HtKpm4ypEAnF6cSF
w2fS2QJTMvNfFcaY/9escufS5qiCH/3lZO+poQDpmK8JWBn2wkFTbI28J/uedV9k
a8pcW41NHmyds+o/Rqh8HZq1+iXpkHU/3MgNXMa+AV50TpZhwX41fUI8Fp8wwZeV
8/Uv0i346fUXbqT9vcx3No3K1B/iLOOtiwyTdnVuNUmyQQpyfRzvfAAZsbQLlHOM
BhvKEBCootyKpshUaCfYS3hSXvpWXuVtZ3ZBpEW8f4mx5+CHLwMoqT2tfmVjzUBb
6RwQJMfl7fXa5unIMdFQw87Khg+zzIDbT6ud9YC3gcF1Kcn+MR0Ac53TLBuWgoiF
lsgfjh06QNkF0K4cNXLWz1tKnoJ5O1AgL2nmBWhcS5WjqdwNykK6Mf/EWYfwXTqN
oqF71PbwvenPOlEIse4+nisEVwALm+boPSS8PVvLal8nO+tc+h04ToMzR2pQJfPr
QtjxBl0lvwj+/nUMm4nqxGb6wSTqWSsDFftJX1TMWC4xz+S1MiZE0WehJQzd49q3
QXt1+TUWWf79hQQyzwdwBrY+nHymYfPt5fan9KIsh2U76oYNzOsEYL89VIVxxJWT
K35tepFdXrdJEQENyrYk+tub9qABGi0smII9iZMWfT6/vy7kKOhpULbb2QSrOJCZ
LQ3T6AfcIvgQB4NddWRXyYNApSkbFAvgpCt9d0TTcHxL6N6YQ3AYQJTRe/5hU8Qw
UXG8CD0w6fXiyl7TjfGMmvYg5ZPt77cFHR6bfXA4p/uz5U4K1Gk98yuTd/y0z0jG
XslOC5Tsm9LnzfWFezGG5fYDadmK+pewyRzbOq8oHInDkZcLXlSiv3OAmCDTC2sT
++IO+itpjQGYvQQ0hmCeIcxwNF7zlrUQ7CB93Yw611R0utkjRWDMkTkpb1wpCuL+
Twth0TBZ02dpKlLzlLkTIslSKhSVt2g9BO5FJyvklquiA1itP159dVLGo4vV17/l
0QuZYpS0cG5DBZ8OtZMQFv6aYw9kszvKOVx2Km68Zc0GLpyaVHP8EPDCUCQUSeQS
y7GA+uG/pmwkUFezqxkfEY6jB73rcaq0+b78HqJZPlRUVpVE4T3iFetddwJO+fsf
n50I/KNUOQIexWyzWF104hyT2ezBM7LrWs6S+R3FmUu5hxqD6aoAMo4fRDGsEaD0
KskmCeHv2dUWOM6VNnANsCLju5au8py8IFc4gISsrtTsJh21r67CwbwCk00WITXK
AOpImS9rvU6pI+FGO7gCL/xthDkTgHC2oXbenklNwq5ynTamHmCrHDVDf32VbX6V
fYX9qz/Ka3905g3KZ7mTtWKC7X7BwmpeFLwXFGsijBhsdMDj2mUeTWhOKRKAUhqQ
MwJ63vjuSOmR9dvPzd3nCkwhmgWbUMRMcpKXkF0axuP1dv76Y1W4wWrqeTdtQJ34
SsQYMSkkdlWSe8+os8M2FmJy3A538vqAv5SV9a+W/MOFSXOCVv8vNjRNp/bKAReR
CcvyPDMB9aVfC/YabYR2x1oe81ASjJ++K5m3T92g3VUbQtedqLdMNLTLEZFuruWG
6eALRs4kkDvgHgBqKjwL53V890TfahKGSArSLitIhuTdBe0Hpm7EcPuWRkrIvFUa
zhgEoNMgAsSj036E9+xqu4a/3SZmaQWVI4wi1mtRLp278QeqJvqy9Bra+S0jq7VS
Bs4B0EEM3pEVd4mCYNfzC06t5Xj/CqYBsDg2+Bu+vjaobH1mVNNU7ax9IpnG4gdr
ukysdt0XiqUetEgYwBCTYT6kDcnrnPLQPF7AJMTMavv31Jq4Kb1vdRMN6yFu4MTG
WEHrAy6ic75W/O0vQ39iniHWPDWqg8TLR2d9/gx+QEh3ZN1KTRAzzD01a1vummv7
Rwpnvgh2vSO9FvCmP8PBG3cO0goN6nb47ZzsRsd7j8hwf5tUZHty2t8rlPW64AsJ
MsWBFK3LYpovVTz/iAkffNjOdzqZVAV4FFeaBuo0AA3fMuJROtd+G4TXag86EAmJ
bWpyuPvll22IZ2hHVNAH/ginBTyqurn0AtPk2qHBMRoDuo4QjP99qQZxa7PKab/h
QAWIOGdkCSCNnDuFuwVw8Pd5LoJ5gaU2GSkrHIE6MeXpPHEqCqwbmoqZ2Ugu6LvL
Duutk3y1+tqFl0UNGqi4bf5F2RpADhnIFzS9IM47pE+1/k6w/dUZrxpTFrDCO/uy
QhqdH3OSo+qOB98MBHyqge1l+4eGQEsxgQTxX8IuEO3gpViwVlskyfejTIfNVnUj
k/UlopSOkUHgbsKzqcvF6INm2RA4ylGyV0GThtX/hR+pQy2feaCWqPAItRccfKSA
VCrdln4IrOQnFjukRpypcAXybpMlwgGEwEI0ftDpSDcBGstxYqRDQ7dm7hIgG0ip
Tvj/L+NYQkbtUL6VKRSWHaaTzbzpde05EodiW2KjT/dnsMJfTEJL/kQH0cFUihns
k2AkSgB/D0R3mMHalWt0tr/Kp98CBCxmi5Fp4PY7wVK8AShGZS7MaZiXmEBqFD0d
UTQMBskmZbIC7KLzXMV3K56ygOKeONe3UIktKi4JwQQjhv5K4/eUWnP98UlnkUzt
MmVM0Chf/IuL5KLGexf1w9UlUxJvSfZfJbm8hAsoLVGuRrn/dKi6x9ZexhLWhh9g
LhyEz0DxQCUJBZj41Dg6d6s8mvT+wSdpRQkV/NVKAft/BhcW3pR0zE9UgReoxScR
vHjPWCiudk3n4ZITpTVPHQtLS+G6Ix6WrkjUMhyZ070O3FOs+/tCKLfjLhq9w7Mg
ZRmdC62v/VNODIH+ZJc+Us75gtqUhtI/WPoHAaIRFVuK1R0sR/FnyqAoZGXyQ46K
4Pn797b8dV3rLeI7w2l1R0rdpQLBRAFBH9qQgNLUm3Skh3h3sopS6EvrOPU3V/75
L8aWEnqc5IvUw58l7vNh0mJLvPBGlPkL3W/yNz98hylWEwSarRsrC7QK0yhV/OCU
vQqXNdCOTVAilxQS0Q/xiFwDBhvznyy6kEFfV8Nfk1yex1V7uUfRWqqC/RpLNJrp
IqKInBzQzZ65LDADlRE90BCz6aMqDAryuC1ryI78eYjqCZGzVYzXFZnCf7v0HdGe
YsxfQmDe/cAX8CD0c5MlkMve/+JXnK7+ITJimrOB64qZ9Wmdosq8uGQTbbbCHyYi
fwYVTd7AVYysRqlmmxkRQgt1m9XEA+Ii268e4C67rvpWG248byXKS0H4ZT+naKSx
9+NwHipBllI7GHYRzBxlzFo959Ernv+lRuqCqhDA59WwKDdo3rbe1qdHy7UposL4
9zgxIZ7ICs0g53Hdtys5ZMkBTo7jtnZFCfFygyTRZ3FGlENo8PnGVS5wfCeU7ofp
wyC+3t5+Gjll0QZuUlhQsATTiJSNNo3Xfa7OUxv93cPVb+6bQlo7ZkIyMRumNwGE
ISLf3JKfpjuj/ogN1l4SLdszfk19gu+I43U2EztKFCrCSlSVTuYrkTdBulP6h+W9
Qx32y6RqW+sFmzm+AgoH/tt82b5mn7fd2THrxnHbKFXx6jW3GlsbeUxHv3GZTjSh
AiavciKVSCO/2HvtefR0rbgtj9cBb6jtUoiaGIANDjk6jUflhv935Q4eqCFQKLIR
plbVE1T891rf3rNfOafkXMS5oPLR+ktBoEFcV1WblHwRyZFOVVYoxmjzmyy4dn5Q
Cka5TdB8mM1MHUcLxUOm/HY5lnyOLWWKIudiJQsT4ZeWyXej3xYwDMC8hymzeen2
F7rPw5EVE1U6wcBLL5Fl7Wy9UjFRpI5VL7TQGTChLHSbZJrH5C15wIs4A9PUN38U
liCShwa20q2bGJNAZS1i+rKuukgl3R8w857LmJEM6TctGlWSo7d9GSJFx4RtSHHC
EdjMjmIYRJG2WilaAutrZYklZ4mAOZeMpUvyX5p3Tk4r6A/WBAUrXVTlIY4nDMEi
6kPIPeyZwXlmv8dINHYE5y+q6UnhSOEnd6VvvYTosxkG/0R66iCuFh3epRRQ9oCO
YGqOqUXOi5WwRiIq/cTIUDPva1xYtsOX4DxpefesqbZY4vYMt6xls7gWd17sL6ZI
qxFVHEvCatQLo2jHewool6rUfJzB3ZIvwY1DJi+l5ucgQGwNYCZmseGveXQvjavE
6c+m10dgGbprJz5DR4HLlwS1HTt+6bsF01tsBBs1mYE2BuA5g8HTloNMxK9BSjEG
aZcpCBCaitGbq3gSCT72UFc30VYyG7zpaxc0/peihH1IfULGfKK2wZrCSjoegLYZ
w+5SwYtt5uvJV0n28qrgiSCWn1dPe94DuG+FdEAoKdaAlLqwi0tNY+k+mJuZqNRR
Zd314Uam397JNhjnnevwbhhrOlZD9viXmAhj5ZkolPschFs2D47+7cLjj7V9AfpF
L388pQRhiZqGTekdWsedoE1ciXjcrsgPM7uuDpjumiNI9iE2VTruI7vR+NECsctK
RQdWjdwyh8HSVf/FVdDHl5DELzhCdkKPEvSfGR2TpKTlFroOPtdAdA/xgaYamEyV
+hCuaRSWbj4meGGBwwgnDTvBUN2Vn/9TVB6yCbNybPK0/gJzZDd2pY2RbISbl7Vk
YqvywmN9nCgBcgP5dNSgzl9eMUoMWB5NY2aYTE6jAaVVSDnSP48J4/XiKp7E5tgb
fENqmIcS1emigsmaV0Vn3FsJHBiw4BeSdnD9+nCB3dUdmb6zYA8VSajWhb2pUZqI
OTHvap1ErS94nVHrtV2Y3jHH0mWpv7D4NOCR/tDmeWWCuVtTZ3Ko7p421QdqiOPU
/9vUbrclQTWclEG9+llS0i+x2PtlXPb1brLdPNi+SUIWfQRKEXoz9Pt1bQvwMChi
0uA/QrcknztmqU91t1hRPipC2qrph4BMhrDhB/Ra2UBSsMPx1yXP0M37lgBu2Y0n
wH+/STcJzS4IUuoAumaGptxEt+fc/6Fnh5s4Ru/tUiXQAzRQBSKIJ14PjAYRhgyG
6RX/IqZyus9wO3IetMcfUZrbKS37KjtBKujMhcnHqZWCRZ/X2D/Q9wdXKz6kes+P
DhrhL/ScBaXX2UGiZI6Z+HfjygNELEYLfNBp/+JIyyhbey+BGS3j004DZ1PuWCjM
KPsky/0a+y6uSxctP2pk1R6HFW+txz4mNBBi3n9+18xl0Lt+TNyxrag3xhWsCntI
OhGhw+Kn6T78AIYOFZREPBXeGFFWwFPgk/TIGEmebdMtKcrQ7s6xHxK64rc4n1Ja
CbcMkyuDzTUmkpxLfucCm58Ln5o98W+2IA92cfpefPbvIxyYpLvbVdUr8wlSHHKp
i5TersC5oIC/tDPipw+ueL6TgS8DVhnGDr9rbX2bEDTBx8W1W6Yy+ykwFj3Y/s3T
uXAgkX9LXPWif5v+Ek/Y/IGTlU3tsGTz00kFfyCBqhRvtxIxAhupL6MMCQ0Yn+Ih
e2X8JrhKBcmGkibi4hpuWdB82g+wx8W5V4H1gww8elZ6/4vCesk7AUscl/xSOoZ/
FJm5uUL6qCvvfXLKW10s1D1OWkQW5DICl1IFkQGUUOjfugIoRsfxGoQr+RQMVN4N
mystkWHmUGA8mNcRNLLoG5OGnZtoZXtlNEbn5GyIaomLIIt8z+pf5Pz/1e3vPkel
NRFcPZ+PnsS5QcUBl0Icg/Cz3afgW7bxcJjJU5hB05qG2xHIzi91Mws5vxvUreD2
BCgJ2vtPaf3J55UmGHy+EF6CchmOamTp6J4PQFKmRLp1g/yYGE6DAFpHagQk01jq
EwA+0svS920GkkgvS97OXShQq4PwH637Wuhiy31cgvoqBfLK3NdV9PXjOoM44pLo
KuM1h5BfTjak8A0H4cAZaFbPOD/1ZyemI8D9aqIZokadIL5SHn+jSQ1QKBKz0zUv
ZsMwKcNVbGx5K2botFZXhPdJ0V8C0o8KhkTFqLMCbpb406NLScWlZS3XWx6sS7an
Bn+sm5tB2MvQbza9X6dwyzRJiYm7TytWchaA0b6yBj3k4SA5j+dJ9MbGZRfSefau
O8TsHCiX7BEYYoPxiz3dFFbGLyPG6NMEm5znVzI0aTtXLsqH1DOsmC3I+I9a4Qrz
sQMajgHBLp3z2O4ta9+bAMjDh2fRnRMpa5lw8MF6vOBzIHyR7qs71Gc2emZcaDXK
nWTv6onahvCKMAdolvKqkjVj2eu6rv3Iy7Jc6zdwEyAEwJd6paAN0EviCyd8XNun
/OgRbU5J1UWAsSBVXHdqrQlh+IPfB8fvUja40zi5atWRcLfRA5HJ6k+1Q/Xj97pJ
zdN8uorAL+QB8IW2DnKJpHYOH+KQq7/B+FMchVasQZ6rY49l7EldnVDur/T+ad0i
S82dMrMKs9S+lj261IE37kNirk7Pp9Od7RL5/yMsNNwPHxcycE/s1/+TyjkqUeN5
LLohXEy0MhglcI4eT60K1bTNH/zrgHuu/g/S6FCjCyYve+x2SpIj+l7Wovhc/CjP
CHd1+VpeO/5WtQOauGNNe8zsRPyuLm1TKULpELUgwIY3e9hn+lUMFKjBImXuayw3
CLmwEcvvgsxCpIxbCPBuoHkATLmMKzXEOQwztgRA7Dt1tncN7C6ilNxNF6p3wj9U
DNoArrlH8OM/9oH3Z0XTzvQf1qtFCknuH5P/N+QBQwEU21qAJmr4iUut78G+rTY9
Bd8JdhzqpB94AOs1v4s44B+L25rIVqycDb4mHW01MKeFSDS1499omNh8VuGBbrbN
r/A399WO5wurZYfxUWPOWa+ZD+wtQNtxNVmhJkgsqO0m+nCSMtQ8SQOyEHMYJPz4
Or++AAemcKl8sguKSQ22wb3Sw6jH9AOGuoKyLJa+mofkwd3E5CUj/Dox0fCynLgJ
pZW35X2a8pqChqp2+VdnpzGYbO6caWUQFBgsAZ280LU/b3lR724FrCePx0Dxi8jH
B35fXxJwlBfiq63UDVFT4PuZObbL2CHwIOxh89nthgqfIAK6yuSHNCxEwDz25w1q
wxDRZrrjbVDNwAPiq5RVf5N40K/+dxY1TBm/KaSEk3aHevy9X0MLSYCQoGRc74o1
IdFkQwPnNl/1R2tW2L+UFtmmI9eGiq6VqgHKut1HgqZ/89/JbHBJVj6O3igRQ1u5
P/GXzX+T7ZHXdG9uisqU0UDFw4+TM0tSIiDGGHtPK/xJd0W/lLjvO+QHu94LgRon
QRuAh4LBh4k6LtT0yXrGArbSpsfq2EwbSe8cjpR7bmIZNzPQrRp9ZDk0QjfmuJdo
BdddY+NrYLaTS6eQbHBPw5DXU29N3Lag/BRdrWUTNG9/iF39T9ez7/GDG5/lRPuB
xplXhvKiX92GC+XGQCyf/kDOcvToYwSTVBCW/jFW2I0utESDAR9RZkVGbKeqO2tS
Bc6OqvS5ADUi8mjYATqz4vnOPbo0dRMTCtX3xSpkyhWp18iNUxgEPHpaFE75U4R5
xJKdZPHIEKOvG/qOsoi+ZvPP0vdZpLwwVOKYDxj7SRWFp3XX4kYrCW4e+Np7FqJP
BBbibdoap4qEruZDJOpTggR7jwQ9Je948YQzvgK8DZ50l1GUJIFbNc2XEpTlzDGR
8let469xxY3+ZTkdcX3ZgMbqEajIpPGHmBsbNTfCKnP/OWdX3botJGOkvyOWiYPL
D+87tAakff24s/sNdibekNr8N6RdKKJFhNsA55E74UdFBzAM8QSuQRApI2ND5UWA
f/wVPwJH4noxXM7ob0VJu/wj2/RjyOCuCoXHVjn2Fy+YdsWonZ5di6oAtksHsS3q
qf+iTgdNnjt7WxmCWRfsvaZxR0okMYi3hBcs9Vn/aTrFFU5LqklkaYCUHb3VYzQ3
HIIri9Q2upJQgdoKTPnY8JDRl4WQVqlzashhe7CHSzyYIJmVml8q+8odDkV5oapF
irkF14rtfWRcp1ChhTF3xeXff4Dh7lsAnACXBvCROT1JR7a1n1NOen9zFgzMWvt4
2vt5aC8i2aB1sk2xhnDkhfRoClEvYpWhC/iAQOThDEG/RUB0AqYgmLomHI4Ks1Le
pimunkA9OezXvJpKkCeokrbRQFdVz3IRuDoaed+0RHkI9ypEaxNx2xHy2p5l9VHH
cYcDYLyrvpa3eBdpR5FkHpTLpfZ/7RRSWriWuGA+E/KjfP+a+N3r3WzqGyqhtgzi
f9WClLZLOqurFXg31G+RcZVuf8ayRscp0lX/2lY8Xe5RpXU4Otzn3ziPJmyVj9bq
WZlnLZE2XYIeXwKRudPSEIgdaduy9W0wXC4sKOB/me/DGe3soVf8bKGeTr5NrdwE
+9cj1Ersr7TIaQG8JEJ8QH+0/dorbFVG1S6dO1EN/45Zycxo+IcWCbN3tLTVJ/Dh
DBUG2UsthgcD25/Rik8qvS4Ic6akmkqM6sduyDjv5L18AbhdlSvSL4dWh1zB/wng
ojgqyRBYnPN1/Ej/SJnBRMTzq6raqOD3j69aTuEtNpmLCpojElWv5l0y/pnuxSr7
mWk5IQGuXWQMpJ/8ItJzrhn4go9rIgroYrwMyHlObEYiPZ7mgDu9GJ+SqeqeVwZd
Ws2+MYzG9ZDGWlOKLz1gJy1h5MXaoYwRsxxZ31CH0XRegAy4RhAxLiVhomDObB6w
VsMRvRTeyE2XAhQEwdnYoyzGEoFCxvzuhtrvQcXOG3ITX7qdOtdFHHsEemQT1KRo
Z10XKBuwRUntQj4RPChsNknO3YkCDixnnK4gjwGRgdB4F2X9DIuhtAHWmb2Kmx8K
G1IExJfjKK67h9DozfFkqg73kO7AfQu3nV9Y7VBul0wTaNFUVzcSIBBxq/8pa+GI
3r0Qa1oJ6ZbjgP+6b7ryfUlWqLXdZKT6y5V5jBDR9uAiBCkHImgxePe6heY2TKLM
1QMUBa/+2SkitivLyTkzKeZVq/n3Wl+WVKo2EPZpg7UMV3H8FTHLwJPPrjpq4FnY
z7QULQMK6VFXHFq11pBJmF1ZHbMmcHhZIk7pfr1oM0aeoyTfn1O2R/Lk30wBt3wY
0gGSHXFR3Csmx86Y1SbPQBJNnl4eDqc9A/J47P8A9O9N1HG5+5uv9RLPZLhKEcY1
cgikMYFDeEiqUz1VIlodK0zfAXlkqlWcymmA0QZtYYqoYZ+dzq5nUShsvRPzSl3i
2uV4mZScoSVW8iS0Yg1edDs+l2YyR60KCdrZPvc/o1xj6BSm+ffVnc7JGaQZRG/V
XQC7TyFex98aVZks8Z+QHCsJrK8keMxdq9GM6e2oWFWtkw+GzQ548DRnMCWvxTvi
cxnsGZ7P7FIPTkUK4P8qPUzrPqDivHonwiz+iLSeur3M7a3cfiImp6xrVVIJyG2Q
pqva1/rmP0qRcWSSUJitGMCfY20KPrSbDS1AeZ3t8q4GlOGX+QEVyzUQ3c+k7X16
98tSpYqen8PPjlrmQ7pR+o8Uop4LVfhBwPOC+PGiduCac0orpgZKqScrIAlZnZ87
KP9jLQVf1nthAlOV1ok2WqEDrU/e+ktp7wLfQwj0/i9nnxkaX+pu/nxQfW/XckmP
MhvzEEMtjj9tsPjq07okDsGxJBpJnLXdNU6ym5wFz2J07F+xMJIaVOF+zyCSAxLj
Q9gaUZ/RdZOa72YHlPTWSfD9KizeEL2s8CcKJMm9YcBj2N+odtmCaPOI/cPipSaB
6nM2H/xLUsMNlubXYNo0z2PXaDM2YYKDioJXuk7QVbDiRnaftYdznV2WTHtAocXu
GDypojYhT4UGh2HdXwIzdqaE/mp1ffkRG2n/NRGwdK5AObTcxVrfx8l8PMzIEohp
h4knoR2wXVA9WYl8jk+lNrvcyhw3hOVgSZ5TRFW999lyZ1SYZr1ESgpAEDz92xoL
uLXCPqB13Qf9RTG91v8XK7qE6sZY3I09dkCLpLKSmkapxZXD4I8Lkqei5Thu5cmL
T6CnL+ycl3vPCxjfynZWPPlsykTiHhrYGSCkwK9HfwSsggYAIKW0OUC7cnYdSzk8
5b2vjJC/rST0w3L+RO7ZFFXojXX0NFShdW9YG/P4l1enGiIGVcgID5eovlLcPzEc
nA+mntwmrYB0WQBH1RcvkfV3Sb1m+5+sS/xgCKIzlPUQmV+7akm1QhI0zW4lO1aJ
Cuk4mHPzkAi98WhOGZYZZGBBhD9lc0Svim7CY2Hb49AB8QhEq7VW4ZSZJpUT5/UR
WNO8yMLx6UVmgpAP3xMo+It+FQGqaUU9jUBp5QyB/phFuAJSPTWoVNu4/o/qcZ19
+ivrjhdeipXbciel0Kdjq/J70R+C7MHhTXVaMZq34Xbdxf/gCt6bUqxWNlqOCXtj
BTARJUIxwrGfb4FrpZHYaZgCSvJoZQVjeYJT6o2Ivnu1IrULw64PMwEzFw/3i5TW
Bm4UXB0tNuTfmQYQZ+uHObiQoE7iCpB9h87pHqoqKb1Q0oUcP/lA4YIMCd2tD+HT
zeNfvGRpTmuruHfE+TGhVNl2LFnOLt4s+2nQU1dll2DwGvXieL6tjCb+gMFwrnvz
y860qW07MHfMkugppK6+Wo9D813knM8q77xlf7hmJtblPFcbA5lQ3B5kb4wW0dHF
vnqm+JpRm0HDWqrMwZLj2YGhE+kfDWLLtoGIWFnxYlwAQUAHMX5FvK+j3qsS86s7
lLWf5IL+mJgtR8W6PD8YrotNKZIi16F38pzdyiy/3RUDPVqjUgDFdDfOnz9WbIag
s0vBQe601ZRaEoR4l0bizrzKcubeiHtD67a9+6PiQ3zVsXgH64ARtcfewqQgGIMN
Oqy/znW5mq8Aq2U57iVyD0il0Ga+5IR9Y2R562Ti61VtnqI/9z3+g6CNqCUyO1Gr
kGpT66ieu/WEHsYEcaqBMyTIG4zKqQa6oEYN6zvGZZx6Qq/LebuU4rfD1mY3LECH
3lTAwhEQ4k5bXC7+Dz0QGg/2ZQLfFvSSD0CJnpkgYDeh1bKtn7osbLk1ye3UqkiN
v4N1WZoUOzWN8wVfFJwJUE9qk6DqVUcEPHZmxnnGMphip2tPZmpZj0aBtn1DSqbZ
ZtskmExW6iYnMSfdn72EGZ198mce17aHEpc5K05FGKS1Y5qkOgdt0cJnw8Dv+HKp
Lp01H3coMS5+x6Pfk6h672SfDTChWwuIxy68b2UI3RSWQTwHw14vuBjHP8VHKvtM
k/9hNpLFN3PtjCxcb6L5rDJKSASY98dDaLiYHNkTwo1gLoM5jeh0nQxfGhwc332M
tYwZSzI4QIwJv2kb6bqAq/qd4HZSFL6nHgGQzKJjWDyvt0N/n7wMZU2CgahJSqRI
JKhpZV72En6yTePAVFN/dvePm91JslZzi638+A7Lp4nRmoCWxQby+E21imqZrFAO
s0ze4mmD9wjaFn+a/W8aOpYcDNpuVMbZPAcSAmpWzkOSwZZUSRSYfh+nBxAcZpmF
sDdpEKdT3xrRR1ojARe+KbYaBlmVG/xJcGSavLbmzyAd8vt95sAQZ15yS2f7uQyn
kUnxFJgmT3dum6iJahMfpNXsMg0j+9RWfz3DFoWACEDPrE8InpYwtz3tvJ7v4Kc0
PjU/I19XY+34yboCKADbqdU9CrJmY10+CJ7wBj4qyPaDHwpbdCjIE9WecATg0iB/
fjbHgcN2g99dAh0DT3f3JbD6I/ixH/8zvOte2wXJCbsJ1Kzy4prIJBj4HkGN1+Cy
1O2IfKVAtzfmnWQGXRahA2hl4eHFXIYeEF2w71tqn0aIyZqsPYctdDRQtn91t7/4
02ZzNtr1pczBthzUYPbaeHjDdqKNE8xXk+mwM6GVP0Sez5el+LezlPxchf2J23sN
tdyFgCHNoKkHL7TIynlRylaNStIc+jeTTqVumbyFsRdNEfZ3Ww9DE13Wmp0rQDQU
WusTIX12lAiYLThE3UBH6EVm6ocL1Z4agiTYkSZ+WTMvcWIRJSg+nLWAKMfizBqz
boRYaQU63/mO+vLFavwYOlH73EiiJ3tac9ON391pRSN+trP0w8+JAaMlAGuI4DCI
UiXPqXR8tHb+TC3dbmWCZ7WqtqZViCtSTzBcOHNAGbVYBJNwI+Z22IEFy49vczQF
M6RfcQ7NhnbzrcvRSXTejdSL5KFgPQ/1rB/7xk/usRLKQltFFN3YHi4iNAVIr0HC
gApFeUTlyNIsKLZILhs8rP8lL22RcP3iXrQVwVd+zbKeE+2o6hY2IWuLYvsvrGA7
/70/1REqfEtTjb5nl70h3gKbItj4ezC917Py6LAHD4r4cw04PutlFORgDmt2GXLh
L3alJzgV38Rn1Vc6LXMsb9QmEhuo1xeymzt64+ItZJrJjpQOebU6ZyZ/c4+UEle4
rxwgNs2zZFK8s1TFyxIYk60DvSwTiN7SrvjRhGrEvavwwQMLEKS8+RLwCsfIOogW
eAuYcRzHIO8PNeCkbk93QLLO+DSUBPtVFm1OGEpyRaQsFmqMWL7gI5sqcfQo/2Cm
P9cnrqB//niX3ykFq0TIeGWPEVLkbrx9rviFd/YbSTkP4Z0oB1wd0QsFNmNb2DPC
kr/drcaDYwF0MId0WcgJ1uXutLDICfWKig9kaG3QajtTazrJMZl0g1TnUokYHxzu
vfMDHu7ophFnk853S89VjsAO413sI9HODDGKgWH+cJGC7+FgGFxEWICNqlmaskZ8
vObK4zd3dZ5Kdt1duRDHbb6a3kRdbXy0o3L8y6iL9qQnhdJ/wH2MLsq0Vi17/o2S
EV0PViKCf120V8Le3fY85ToDjxVLbvF9+eT8SrxZrQaWyB7btaqQ7mEz6d9JNS0Y
wYFD7LC60hEX5dKoVN/9PCIszvSCWtECDRrSc/DsAfpMIqdKHM/IMPJ4K80/EHBG
XX230QUTo4qrSPIufX2Jl+n4WM+XhiS7wYoNya96bTeNeEl6ea0GfvphtM03a6wS
PuDlI571H3K+Wh5OhZzHS6zlb9yNBRiRDvG3cociuIXupwJxRmX9YCV+LAxju2Fd
Jqm3NezVE/f8ls4mCCyqXUYJJVJSn9QcMUwGeXhSaWUipN/gLvQGggHkJW/+VDPz
DG3S4mTfbIBtNUQI+ox5aZKldZJ7ahzYZ/T4XSe9bijL9KQnS4upj7eHR6yD0/RT
XQ5d5C/zF+xwMByfpqHRbIca3xQtZTGJssfJhpvdTtZ1oLvpFiE1d9CadIvGAzqi
cDT48GRM+8i6zmLvX7ld3rk3fr16l0UqDOo4QMEUaZ3OOj1Ca0vmbmH1vCy7ZH/N
y0pfv34wCWyxsfhPIQmUR87XslEcE9/SNyWnz6qYaqASkCuyvGxLqh56OsrS3YYb
/B/YencaL8YG08oMze78DTgvZwjdc9GvfEw3z60HEBtwVv5Km8KEEmea6VNfr2aY
P9F/zo9XmlBGiC2y+FP+EUOfokETxgSB/NaxeddUpukPO4b3/VwTGiT54X6lWHBj
6bq9vkAXI5KvpKA0PwD6czAV8Qx/21UfAwA+pXSSYYEEaJDB0LP+thJUrF6+He3+
owygYIiSC58klXeGRbp4ZgkWKBORwoKSmFF5Mp59mWVjjZOUNXMV1GlhwE/5O+Kw
XldOJNKiUkg/t2P/gJLLYvkhbwMvyt8esWjKOEAHoRkis9mSZt3btbmxIO3AQi8o
7agmR+okix7qePWqoQ2N8/aRPL2IpzlZ335M/1bF+0SgkaC3wXUO60/rnSan97Tg
Fw4PDmKN5zJOjAaF18ZC1BHxSVeG1yGbkB1XDGeZsVE5tC6ijiDZwo2BOIxSWTgl
WeACNnl4DQdpUOreNt7fmEe64Zvsf/CC8EwxwGERGJpYcRXE9W9ssQI1pR/6oxq+
EI7R5k/U59DpFf5VSZyi6tQRG6+j+2+tKt/Xtz6OnlRlPjlK9K9tjq+WLW7JntPF
evdU7fUUcZB3/nRjS35aycyPBRvClQyHLOwAiMBIz2lU99vadjwZnK/6IGb9a5bO
ba/BdgXW0pgrH8hfiuzhdOTxLzXe4LhhKRXjXiXr3nfwaruSWmLeajbcypQrzJ/W
eiJHVfMsUL5l76mypXh713GbKw1Hcybr+ZRB3KGrmcy29EYU6IjM4Cy15R0Btrl0
Xjnz0Hmk7ACQjpzr5Wq9KmRIyjyhYQ7Pf6XnHdStax8MeItOJENoN1KVgmPXw6QA
KgmRsu/mcjAp49bxw6JNKuXT/5oZqsoamvRR4m7uj+hA2EtaYzaBhYPhVjjdtgEF
qwPVdCkqSueNjE0Y8vE4KMhQg0XKM+kyNjgzvTlbWhBpOdh2fumofHabtk8dRfOv
vFAG2fGWFj17gM60zvLj5KHtjaWQvJ+uG2EoufbcmsZxxDjM8Mw8BM41Iqkp2RpO
WCsjKUoKREhynKXMTQbv+Q+foq4HXc5WNAUpzLR/6ctfCa4bGOQvcftYRTD3lv6j
sYolCEfelVGYtnD6VhcdRdOPShSHc9neA1+xq4IFzupzqIWz1e4mI0T0lTdkiHb5
vJpWJbihHducB3avBYuz3k7L7Y6LjyQENCpED8uk/qI+DR9MXGcE+sYZTHNIs1vq
Ixeo3zgfMqvfuY7FueW1KLfHL00icfAIzGtIYxY8gSY9DENG8W0MN1C7K0EW2uq8
yUB9RKbRHKt4D/7UZSW3QInE0DuqaeYm41XicKqKR+aApxCpPDMgnKQ80HUf6nVY
NAsGC8G0W2+nfjYNACsgGTbTd2McZKFxwAJj8kXLL8ybPkBue5FNGJWN921kcQ71
YP9A3Xbulg3Nr5hwtYtNjc+An1+bGzr6plWczLcAQp0D50WOMKDkGIAjcaQorR/4
vNNGPALL5xFlY4jWxZMuzCAewODke3Lj66LCzLG2iDrj/Bl4hJ7mC+E78qDf/rpN
TrBMhn46E+zv9fO4o399LN/3696cLnitjqqLBsdeiujR0xiDjDyecZHn3sBUfgbr
xZ/LOMPzctIelnrXEP1Oym+J7++04+b013uDGV6n8/A/CoTWk1MLi9GImo0XCVTC
GKA5k37PP1bzOy1k7EpKDeUHnAk8jUIslYo4dAcWkbYFSUMiehHdpOjihaxTQHnV
QvgQcTRQN/kEWEluYt0V1Jd6xZQ6dkTrSzWlBXMHjQWLyOlb+SK7OvpjpPLO321A
IJPdXdtZhxXr786C8ENzI4le9PizRffZAypGkZbRvKV0nD8nJGNL96+enoiGrhFT
+QJVnaLxEEkRevAXOW/Qku2lIfjZ0e30evQlnACn04ryvP2qNO/pHi4OMEvln3Fx
muCmPLfpyaVanjbq69nJYe/VaNYkL+WRv58JNSTsTI2OdmRaWZfR4DwXoQ1ulkxU
uUN5ZA3UJ0feyocGhKqHoCH71iaIt2Kc/5GX5leGFKk55tlLAVBK4c1kOagUIjdn
8F4zrK39Np+VRE56W/whOXyOfic8lTS68ZDb2cOswwzMbPzHFjTc16SshlU2+R+I
tDHeDzTyTYCocZe0A4+ju0aU+KjPJM8f59U1QHRfuRr2mBdVEHOHa38WzBQnXFnV
WoZ+4gqwdtmzdeHff4FYPmJxM8juAU7T/tYoYYGmuy1vpdGMOklaCiWcfewVKFiV
TNvUMxQUo443aounnz6o73NMYY9I6p1QAooBP5qgP5XR5weXk+ostfZv946F0Er9
HnhJZbz+6X0rVRQx9leFJ2V6XvSAQOKFQ7pnxa7LTJbyN2qqSPqG6IquLTp1qSMA
V+ojGVcd1vpZmnhdWvEq7lr63peoy103fiAQfyg2Xin7XH9zem7IpPAQp1kDD+4t
pUDXlqzPesXEc1XtAQNJgtM/JNQ91CpshF974221FvrKYYaAVNdIOvAd9NlwMgay
0dFmcrUBlkeyejIxtkUw+U9EHT89DPPbcct3QF9C3e9w7aildIcdKj11WsXAjvuz
x4HJ4s9c1OEkK3RAMQO6K113XUkOjbb8xq41WBHRkk8uT+fACW168cB9Km8mPiFy
pe30zbCIV2N4svUsnoxGz3afy/hfdVTFzQ3mBCCwi5+7q3cuySCB5NEDGbfb07lp
GWtothyUMj5CBpZYNLTt7j6EejJ7JM4wuXnV74KlGLx8739FjQRGdmU4WyGC4amE
bWKbMYOLKK0Z7o0Qxbf7To1tAbC/LzCDTTHs3JPNidfRkDONndYDgDG5F8aRQyWo
ZHTCiCva5ZdhxNp6eaAiqEeNfVYayqgy2fRHB9ltxD+JqAISkEjXTtMrS2/Z9hAW
gtxqgllgF2WtrpdL7shznM1j6oEdgQZoO/jr3TXk9hrNXTWJVhYYb27luyFE4+Dl
qm9/u2LeS1CnL9LCUrqXec04RT5fGzlxBLE1lEhUZx+oWYVH/h1VZMW+IVMLhDrp
VxiWbXNNsN6RAc4bMEPnJ1+uv4FKM8+NWY9Vsd1YsGqQm/01TgWws+LyeVKAtJCZ
4nA0HC8vDreFRlSG+HkG0s5OxRF7PlbXVciv5jmm5a9SkKwq5miQAg7opeOQNgfM
lyPm9SEJU4u5rFs+KYhvQNfuCWpGoS5KCn8IPZ7DUwl2u3QESA8knlzZisZM23aZ
BoN+kzFZ6OoihonBVTvI2kniaJ6XfIq5aLzpYIXM5gULHsgebJrWJ2C9775OisM1
3oqO7JT973RMrQaeaqq127zo6jX/8/wIFCoU29chrgXZjqrXoipZ1WKw9aSB8Hsm
kIR2UsTutBB8I7ig5XaxkYO0+pMexquTNbog4QFspEznvVDb9JON6fd19UxkISkX
QJC2kJ9PYDfS9Clzntf+URA4ZZzle+kPZ3cixpMx04B4C15wmbciLPkSpIoLCOuq
mugj1hqBbNEHLEcUALex8zRzdFNEfwm8azvDcknGS352P5u/B7LshWgPcjERyTmj
V9z6PdwfxX54zBbKhYswJn+t6pQzMT/I9sConF5x9Aq6nON5LZcnMy+GOAb8sCq7
ZMcZQFlwZ8krY5XH62ZIqpLyOUnvAyubby+dS8T9V7NaD0d80rMupknv4Jd7GK09
pNzeOV++aXTYH7yt7rkzGZkFAAjb393IHBse9igtMdtilFmi2PPZU/AOmiLOx6zc
PrsGJvbqJLsMZyoK/mYuvdL8N2wuqMOXvZjv31er69Ly6G1mkDhakfZ1zvU2jUVD
SxARs1XaYCLoPWLfxX4uYupfkwYdcxnyk5d9yFwhjnWYV965ZawmQaXNDw02xFmL
sPNIPLDxGgF+gx1Ctoq6v8xXTp60zr2cUIJhp+ZRNAdeqX4A9f3C1tZcrywaD3Td
oNamp+Q+IgFBwS7zoT0DLlW8ROlzHzyTf70I9IQ4hcbUYQDRYpLip+ZHi+btKUlP
tOy7kP4HKUysF1TbDU+NqGFZvHQ79Kh/R5xKEKYtQZ9Id1yFLilv3/8xEbP/rj2+
GrfrGBs1L6PHMLo4e5AvmT12pwCzHZgK1sEpp4c1+OA1UHf2GWb7yPkaQ71njltm
gj4e8u4KF1oVdms0x1S0sBRYrqMb0Wr8PZofCvNKSKhA36bYYGaWc+nAAodIw+jY
EcVL/ngdZnzPL4WiDLJuCiAPzqpgvs2HjIcDMTTKoRBVJ6Dp7njSCPdps6GMz4fr
VxSG2TDrrIcy4D4XF4X4T/vWtWtJ5qqums4ffPv/VIZQK2l5YjsHqyw+s1M3+fkm
aGd7c9J5md6UuctBcyE9PcMqpMi8SOYsFYbHgsrA0UU9HQI6QcSfsHbyCUdAfNjd
S5RwXVfboZeyjuW2LMHgc7/lU/6sfDTcLpWVIcJIPpPzM5Ka7B4bVA6v4pka4XJb
sqPWg23J6IhRj84SN8XbrYyGcstQW4wjsIFp8lC8mivZdiS5jPbt4/are61W9+18
nvDSdzmGzcICOhtsiH3OEpzqbXbh0+Mx+0E1ijipVY/WpQmKujyzOkvqFYVEUsig
YJ3ybVecVFFy2VKpsWPElhfsKOaysxrAwWoPI1m6N8i5X6zY81V2o6xDcWwUwmmo
8a8IAtqI3dP1vD9HXpECpfdttuMKCQz0KxZHTKkq7koTJ1YeO0RMNIvTusth8lwF
mOU4Ti1QjEPTX2JYaJP8z3q9UQ/w08NRTN3I4w6SbZcjT7rWqiUsBowGPwc9xTam
wgLg4oqzvyvUpXUACszko7YUmz69hrx6/wjWsAms1rwz838Q59gpRPe57D28GtfG
M/n3lAWPU9rH8EQClQ3gAmXbytNvTVpqcqLX5QZm/ZkKfB/MwICL+867z2V5xFkR
kqfrJmIqoeBA3xBTEuu87sPnbQQf7B3yScj7I4fDQi799WGkk1yLVblRiN37h7go
Hm38L7oXXPSzDEsQ+JEKCfI7ijNSFdMf2VjN+KqpktH7SwK5HAeO2qFjBEVBMzmk
0DG8i0JTq+63zNSNFn7Hwxfue/cGr38xuKY0PIH4bbhMFNCbOEGZirntNiG7O8gB
hAmflrNC1HUZhFRiYmFYQE941Ve0Pybnv7J1fPoMKgPb6eCNyyTpE8c+gqyOXoV3
P5qHBiwEaYaR05r3LSEIvlxsX/cK612/0cF4DyZK1X6VmhXJwFNmlTq8VyH8PltZ
LIkUseGHo9qGkEaT/zCEiGo6Stw1KDptSGdOUOC8JmXpLqYNdhCrO6R7zDmT1pn0
aQodxCbqBV1sjjf9AjkfFtdvSqhGziI7AFUDkmx+B6SjV0Ee5hIaJD27F4Ziz+Rf
uZWQyogqELic+Qey/BJRhmyKeWvUX5Y0xAE8kQ32Ey5I4qn1Lzb9AoOutO8xIaIV
lR8vFKkft4/QU6JNLRmEdsGLpGBLcyfRiC0B/VzUfwnqdUBT6RieJ0N3uX48rmJk
TqdxDkxBXJ68oiSl/DwZg6/NihSDjoHk2GN0PWGBi9KgOEMsJxbjFu8ImgS5Ocq8
EE3WifTmRMg7KboIukYXthLMg4+DrDGkcoO0pwl80S8729th8Ivk63xZ0f5vsz2h
xCNOd92++F34AwbkL6o9cjI6osHKfIbxHojw3RqdQEOgMGRIs7uUl+Dd+sdMx35e
EQR0d3TPaebqvkGd6U0ICXfnWHX863SKzBItHloRQY6zlFpGrrU757IPKPA9GSZN
z0GTtMc5xxcsNY8750wowr+JMLTlz67mZ/SOMiwjElKOtqDXwtdhDMnwcstEtrPB
7AtXI7glbbNIeOtN61xn6K4B7bdEht6fff/thA1+ZgTGP5VamVzUKwSMXUNMtmTt
dq1iBsW/pXb+Z0CuJQiiNQvBCiLDV+DndtYuqy0JQViGut9h3XjD1CFzma1eBaQk
S0HRoNGrqrPKrhBg3Qk13wq5XBykLzafV2pLQVMeMnNBIzlcmJ7ns5E2yhBd5M1m
VqOjVKwpo5btbPiSCbZWSsuaehnxuwz9CV+GnFsp09lJWwVlOR9uFgqT1RPt2Ih7
lZBuCNSjTgp76wZgotSPgHjGcEuoPUyRSXyf6df/g2wsc8ny+5HEBd42UPEoxDjl
UbM51E7g1yA5W/0up0EJgIFe10ADdHf87fOqUkavpXP9o4n1TM3mUJ1WbT62ZUc1
eN5oGemYPVevxmwmadstmnRqncmiX19DJnbIyjRGdQpfbi9ym79R9S5OUIlprVtf
Ri+BDLqxlbKE2i9PM4bBwPQ3eKDHCoisThAlVix263TjB+gKL9CmAOmHLrokE4ps
TogzrkIYejanrgd9y29zzADuhwhA8D9Iv2G5QBYthAGL9VBQrL496GSPrGYM61y1
BcOdqRe84pCwfEWNurKIiywYriPasOf2LQ7xWLgOP4CJfT0l5hvZnuDbaQY0hfr2
6JKFOGebfLGLFrNxIMaU3NPthxBjc0kcSgOyqO+eVOL21rEBvG3mmEZG42E60fQP
pbBHRLojU1wH3Int1BWoilcXqS/Ot9UtjD6YNhkRn1iFEdCPnCg+0c8h6JdEKbKu
o/tbCegwTxYbJABOudfx1ryHdC6BOketWQWU05uWjL0OlfaKXZsAM7o8kAb3hDII
TQHeFKTiu5bdnJOcGV8IPYosulHcs2d2OUuJpUHiAFstmkDE+7FTDzH3fF148ez2
ulXkDRg3HBZdFpreW4/2sQGm3bqCmkPUDh3QYxKl/iqh/9XSYpaVjeTrDQ3uUNiG
w1sTvYAvirYRPnFe2AIrH5VJkBJYlS0hU4T3SQ7t9lTTlHOpWIlGCmYuIAxEVbP1
WXIZFVwx2Z0BHqR12n3p0TEAOkn+ABgdXcwe2XSH2PdxCD9g6axQByntd2BlZRI1
oBvmllU2kF/Mtbtq+gqDjuMpvK3xgYdgq4i1h9lmaZbh4Cop9CRi8BMrKGfXID9m
zFlgA7PZI/hYY8S8pxaXod0sCplyNGifYxjbdv3nIOU3jgLca+Rzyh8pdPpQa9hT
khYNG+HHn4Zyrc9DiAH8ea8NobMM7CoFjHu5z3LP4yeItshOR/TzuKBzdJpksYXu
mYk0xzoVpzuvMKjKtiPf99QPfgwNE9l/XVmu3MNQRIQXfMpNxM1djwSxMzfJ1ZYA
POWwflTtjwj1wHV+cLYLKjLD9MivUHqOdEGXzbrirkVWuSh9VYNdOqkrclBBkFFP
peuEiIr5iS9SRs7AfuEw9tSp2X1O6IyuSj/nQlO2kujNyGpv6LjU0C8eBrtiaoty
cbPDgFVRsFn8i2/JaEJU4wAQqp1C28ZRbYkAZ7bvD3AQyxX1kPgiTVpU1xvmjfee
l2H8oBzfW9qaIQsV972Eu746GaMzY5u+yz09hIxbY/mPT6mImnPR0A67nFH75fdv
qFPi3XH3XsKhRhmTrRWYPiDPlFBIitfEeA/QPMSV0KmVRwvGtTDhG+g+4y2e9b0x
kqdXgrkDJH7stWLKvDnTvPnay469CirIzVJ1Hr1FAk7s5XqlYb/6Ha2v7+RHw1m0
RF/b9m67pIhz3DNSpJ3J9Ea9neFweFS4rYuU0LU4K3FzRygCMfxtYO7xYghCFUIW
+3Day+JVPnMefkQrql3ZXdnJUyXyUe2u9BIQONTFazA1/zT76djTj+9TCFZwXOZo
hUsuiKgEffb7d7ovDnVbIdC+2uPXljiMvlZ+sQWWF8TzjLS6MpoiylhHtOXuPqf6
WOVtPSGsGig8y6aR7XBNFF5s34Lij/byNN5aYKBhtTr7I6g6HT/DkNs1jL4GD6b+
WQKdPK5g6HuV+CNJKV09R3s2qi8/sl40XhTupdCNaStJAGw2dSmS4SMpAS0efv5H
DCWv/z2SSyFouxwHMIBmpfAD75ME+805pmhTGuxarO6VrYj7Bhc6zkZ3MrXkmGr6
zvl/DDimhsQijsJJCd81ET/5AN/BW1HtllModXVLfiA31SDNavUwq9eeYFu8YFyG
YuSOouqG0/IQ3kX6jOijYW++fvgS0ZSJgqnRYeARpEqpPhfU4o/mh//+b9vnnxxT
6fcuf8yQeK5ej/jpxgqLhINDFQB/yHVtroxX6AgYiRwDQdvcdjVGE8+420thSte4
4EQRLS7DmDwUEoTZoht1VitwD77RFoA/SNpblvjO6C9CYB50/uOybeKFd1rbuGBs
xb/p2zveJ9AcUgHpNB8LttFQMfb97tgQNrbfh5X5QkLkev9nVG51Wvow6ub9qW99
CilvpXs6b2o6HQn0DKSccKanKFqc9zicH3AXs9eOOi7gXcaOrr1HJkY0avXMX4k2
SzaJ17e5OEEuDLKb97wVar0whStnfSPUuX/JzjVnJ7Ubp+0IHnCeDjNvOH1Sx9FG
nymMdJXgi5cJH3M/FKmXhjy0QemswrQ5UdHpa4VgzRNxKENW+vOyCI5eq6ZxUv4T
ywqISFF1HiAG4lA3wD7qc0r1hk3M1qxUAj/HulsNV9TVj/Pq3vwy+14ZkuKLQ+se
INtw2dgadfxtL3UItLjJeJ5F9qmOikw5iDHfWwE7zuE8TNsNoHn3K/Hta+N9SKUt
eb728P6Rz5JvJRciXZhfuczeMWJte8XDoNt6+AP6X0sxTEZpW3n2DQnyP1y/o/hr
xLhIzOBKSTLFjgjSL7+dcn26ZmxrSTLJoqqLFlFw9WavwmFOp1P1rdyNMLfal+Ms
ZyDC9VJmb4ed76W3BEdnkvxifsPFTmVvYmqkwwBYaDup5RPYb/l0tgquUH3zUnD3
bARuo4VbVkJwxxLMjWnpE/ZYm4gbbXm06w8+/lBK+WNQU4BBs2LGrCTqFz8+KfAI
7w9k5L2EmsnnBsG3Rlkj+BKVSiwOQd/H+Z5TZ0w8DLOBKwuRar5lwGGWnPvpINFJ
0zKLIMYbrTI6Dt5HFeuvo7fFf4EpD6dbF7jRF/bPj/NnTW6VRRGc2HmP54mcMmL4
0QJXolVJmfN0S5lGlr+6hme6RI9JMmNNB6GS5/6bpijfug2QkCZ51oJ7ud3yzN72
FG9pa8/sSMxEcsVN88JZJUKq/KwtH7GYqzMzm+gFZ5LmA/oW3Kn12o5ZeLYu+KlA
eAQ3iyAOwbRQrWkBixKzhgFk4kCcPhkFXxIs9aTJxlEbn4jWw7o40qScHyWW8rEa
baMEpJcZu+AjmtfpOL+2lsdnlpwBSSSTmSLaSsYJA/0azL/Pkdqt+mIqm0lAO1qx
3Ni9zXtMkQ36m3ahDFgMJv4i6wTpmckLzEuUauU66s9AYhbxyK9VqaRdVH+uozdX
sCnoBIh6YoQEbaRTbiSC8yPX5j2sw5BdI5kzfkmbyRh3uqeU7S1j3wSTJdTAtJWZ
b+5JHDhWdTIVPiSIvRu3M3h4zaewz62/r6jFD3Q2PbCihhMh1IH6QixZRYwjAd05
Mv+0ah522AzR1WV6HWWBdRHK0IccI0PHHAtrs31xVWv7zLT2TwnIJyyjhuI0A6oN
QmlCASRuL5GMsUOBRYwzC6oPbS2tpRkRhCo79FqapNyTwjsAsR2vmp7sA9G225lu
LFzwAj8LCaafMqj6xfSHWaiX9q0saHWSaB4f/P3gFsAjM4U1N9vvlCFLY3JdZadP
wL7AnZJwSNvDlr7xINx6zIo3M86XKc3A8HygDcnKklsFfeBDrsDt06FFZ9wicwLf
f9GBUUNdQGvWcvC8pAIwr7P1SFmNdSOCVFOTkBJpUlDxWY4Y9F/08EpLz8wMV3da
VLqZuFyeIy+zym/ku+HUw8uPU/cwwyy06dCEGYg77+SH0Xn0818eKO0eFa2zU610
tmkZfLjx8Gyr903UriJghwu9ccd8gIQ7k0i4KFx9neu00MlzRui2vJPqNo8subus
BojCW+i0Djxvr5cjUFC2TPdnNXkJPxv3yzCMbdNVbErD1quH1EPfpSjvJBPFMA12
drnM3TnOiwTq+XjR/t19lqoyFhFIltbO8K/LDH/AQ48VMYtz3L5OUKLMUiQuEniW
TqVxbgq3xjtEkkCDc3YMOwmQRS1+xUdhmqQF+azPDgNzHzNPXeBirLcxYLF9vZWI
0LspefMhWQeD6YIrp7+4Launkk+iT6P224MAHBXFXS4tESP2mLoScRstSR9ZRJrL
j9y24gqVIBl9MABgxT0b+JYP/jp8CmTGwyg74N8bkqwyksZV2AZybKPPvduyjho2
i4n4wAhVII9c3NF3gdpCOSNlHT/4ojybpsAY8Q2n2qDzTZnJgRjYVP9Yhk8SXwmw
lqNI3cd9WD7heu74Zyzod8T03XA0thRvWftVqiyiNGzOwrYFeahRX72qUkf1i3y3
835+2nnvvxiE+lPYzvDluws8ZbZJW2QhpPVWcYyuMaMc+W+SJAXqPh8LUU6n/szA
J5FFyDdppDX55uo1JmXTBZf+xkunL7dVz7XL6bed2pR1TMKZzlXpsRET8pZ02k6I
fM1ob44CVcd4IEBxIOcpE4arSLccixIDa7E5jUSUQRhtJ7MiaJ4rigyLppcIDRm/
6VXarMtlwiSWUMuUFAL84fg1HGsViGCJbLb0qqo71nqcWXywcAcg3CXzw4p4KkP0
iahBTxtLQ0i9m33SeOCljFOpdSq1FX6BXLQ5lmwc0MEjBgVZNmzE2QH8RtUbKG3M
cQRtNeMK6rCecwRvB1A2COoAnnpyOmAcETAPBPzHAEBKwCNtkQ/uMfjkYRH5h+LJ
4y8iW7kFWeKWayAcF/+6nQjKWxmGOrNkfm8vK3Fnof1KzShzXJvvvfA65CebmWZF
Xp6yXUqSjfNGIX7wcp5EQ6dz0FwljYGENFvtG9j1yBhpiNXXI7wEWFmuvKtVUL5B
Mx5N6Pk92/uVTB7DCxNRFdNX2knh6vuVye9kzIchsbXr2QmLW7BOYvxrtr1xQwhh
nYG7wvkVTgnJf5tHekC0R7+W/6DzgnVAqDiZuINXKiaMC49DkJ9Vey/5L89uFnwI
+J3RYxlucjg7vG0M9r118QBW5S/v14fYv1u1wfWwahnKuiynqDnyHEW+F5nTEF++
h9ZVBPOXiICQEmcNeJ7+7wEhNEjFuE2tusmGQjYtwOsbyPfuT8Nfv53AVCV3U+bj
H2bIQdkst7SVyQCjUd9Vl4iR2T8lRUzKXmsWKvAvaa1yzUyCw3K/HMVT/Bcz5bsJ
nuhsMQv9ZoQOZDSTXEg49mDO4MBUegFyhJBeRaVAJ9sI+mMdxEFhUqaD+7eegmk8
CqqvDkxTXLliU2rythYH4w/6p5FaOs7KurdO3sOclo/YXbTKqMveCWh+wPKtTJek
AREqE3yi+/NMezGGhFGgO3EMtnZ/iprxDneL4lHpuf6HcO1lH1aREYgmEUg4IvlD
JQTM7wPVlRxaY3zhFhTfXQSTpsB8J9vXbKWtTWi+6DII1EWfG2IP4pk+OQ+U2A4z
5D2zSD3/h8muMjPlK24Aepi0CgJI21xtAuSSg/KNDTCTSOh3mF95p3M5v1lpXwlu
lkJBNTxYdKrIwPJ1T1nOuv046+tUuVjUaM9VFmf0HoGDqMFBnB1v85RsPdw8R2ea
+jvQyhP13nB3RHJz9zKeuWZgn7L5FCQuOSurgi2rQwE0P+r76peMDIeJMdNLpjEO
LAc/lo+v4+oIukLg1BCiUnAGNioNeDlo4tQvwFLg/xlwqdK4dhiXvTF/5iOZg9Fi
BX61UkQByu7Iw/B5D5SZaWmCnG1t1h95tjb6VSUmZxO+6SgFvU0CdPZsyZTOfqoP
5AjrCGzDwqpTwmQXkGHIhAb2d+OgF9qbfsthtovVDT22bJ4Aq21WB4nrDekZKuT2
ETaZiNyTrVKeCRjOK5O8Z0UKYxrnaSMVTz/iLS5M1wg3wx4oQLQaR1RqilA85T9K
TYA3BlLRM5Rw6hh4oo2aAdNC/9I1EBSBVgZywIOKtFI3WSQBr7Olo4V79N/QIaem
lN9VaiAaVB/FJYxuJrgBSgMlFMcEmY9YRQQVSbbSMkFyLYpuODJTiKoHBrGKI2AK
LnRRj6m0sc9ADMyhMTMXK/izgTJaTPzKIDDFo2tK8FD4kMwxCt2gBHxWsB29Gvis
E8rfimmlsFf9LQ4wp/zW8lGCmTBJqBmHoCbhYUl398eGagQkzTYWygEf0c4PM4Id
p01odBokvF5HLn5q/r8iirc9Qmlq2kH+nYm+X+ms2AFLF6tjMgDvVv26EOAw5lKN
N5rZevd8c6Km/bPVK+iczLzDIN5gOx5pROOUpa+yA5eyR7iX/AjSKUt5z2qBg3dM
MxcqQXMbU66z6na0wgvZjqnAStlVFFaQdUA3qtHaU9rBZfcDDOjdwnW5ILWQprpN
HqzBbjQlZIZHxV7KoVIhRqNpjtHJqw6U+TQ4Yy1k+P/GGBzGnfRLJAogXmwmjXx4
ygZrctQXtFIKGFvZO9vwuWrb63L6B8izoyzSmy/fWP9+EBLjk3FcXPR+mWlJRBZz
MkcmwwoLmpakb2gvhOAeaPFlnB/cIdT2H2bqC9xPXIzwSl+wKJLpvdi7tB39o5Fr
HTBnuQihfksSa4/v4W0YVElYOSl8bWfk23deb2BIPsyT9HVHrntOJJW3127OcOPa
mKL8rNPDsn0M5WBVzoc6+gEfhPzb7o4DdStlOtzbwgilhlMUEp3+xMVuq8wHb8WL
NJS/WFcAs3+IHwAP3HMKeeGCK/pbKal84vXEWUysrPxrfkJfkOY6Q1x39+erVX26
NZWnSTztp+TrglWNuBTy16A8oTNax32U74jQoE2B2L4sxcWzeferin1wv3Hq4zGz
ggMvvxKVaWVtkEz+DnO+dHSlMPTYKo22Uvme2M1ntuGQ9oWSwFu6HtYQtEiP7Z+9
hSZymjZEHqx27OX7EJpGpko1QkynuqIp/MFQyZFDUHEy7EK4Rcoz+2Pp+imegkgI
Mo9LEdOvD+ekyzAp4vsSMuIPplWyPkx49BAC/zcQx/yQ1U72af4y7xV0qVyERnlu
HWuR4XBHpblyXIhJv4nuXgMQARK/MmqvQhB+PHnm4eA7mLdN8f0KzyeWU5X2qUbv
5XW3pmLKw00+K/hQCGJFhShtLzVY8PMsUraSvJB4ziW7UQQxKgTmmAi3QIk6M9jf
8boldZkpv3l58odO/76G2ZccMzpV3v9quLvS0koPBRbWd5JJjqsNqceEhYT7SofL
WncsTranHPrQcQBGIrceulLQuX0wh/cGMKgg1jdZ+uxY5ycR+j7zACIvcb22n9HU
ntNfBUoKIwXmYdqxW+dIiDz86Gjdp8OgLLaVYVT2VgnjJlndFqyajUeHtpc9R5zs
iYsmbxMDls5cpBbbDhphZqGwqi9EJ5tq41aRkliCsvqSsddXZ99siY7Ajjxkxcw0
NJGXLLoO3EYsDJ/VqTV8PuFu88IrvY3pW1dVh2CkYAGnlTBkW1Sc1mj1aUAQT9xo
q/2SmdTxbhgi2k//E/xd/ZUJgh+O/NElOjZn5pKyez1PYfjXYzST4L07D9K50Nkc
zKId55mTDDYIoJImmi1PLQvF2K9g/2t6fX4CBLFpoqFzRwMVDwwHIY6pFLvxtW0F
KPbf9EgXZGb2nb2oUhhMuOzhv1eCaW7NIGRIRTEA+Mso7bhN+XZdkTBDzX1O+V1o
3TyJD0yM2bOrTH/RnszlTFrnjeHXj7nKY+u/t5cHTyJGrHQEz8gBM37oPFP0OhrO
M3thaK5chcspReZPbMOXjlUoMoq4joBMPPufs5gadvGFHn+tfGYfn4jiPDAe3tdR
B8hdLLTYT29gRSRtW/Rw6qQc/oYlwcJe5YqIbspgT13VX2H3/F61eBimm6/xeoMq
oUa6oqtJtDuMYS6lPvpsj4zFhGhQAHy04x++JKNqZEczoI4QxKbiVOcxyOLNAAUu
6S6qnKZ07o0QyWKeqxw/+pi3Lh3nH7efHexdcMBZgWikK8dFqXNULuO90hlG1aT5
Bu87h/oJsVsZVdNx30MHVygyKQYyC1ngulRo2FaptMgDpSIHnugCro38kZYpW81g
o5AEGPBzwZz41+sWZX26I2lQedWFULp4Zj+TxwwC/5qhX8qkohMR3VVKlPACWX35
6Fl+99cRZPvTYOSrXt8SqtZB8FRrBW5T8Fsb+1DPq1eNvvVdFO3Hl+KzpiNaGpMh
QedfZFlJeHfyQig3faD9YBASbl6NaGuJ9J7LxOgprhOzVx85lVKcXnAdOsWmrRS9
ZstYECKeJ4m7DkwEqpm24lNaU6r9af7Fofge4f1QjMole8H21vhqrUk+erZ4Q/Ab
ymdNkucGCE0Z2J9QrSXZDkOlqJfj2hiiqPjnhsFZFmmSc6YxePj7LcfqjPN94qp+
afMyuZfBDP6quDC1FSn4HliAKmtxbq8Rcp2Pg+EeF4hGTRe8yqlIhm3cQUw9yeff
bjWqvzUEHoGBVPcAebNRxeNHyNcpdY+tmye4SwbFyG3cljvFnHMNcAB+x5MJHbc2
TxJvQfcH+MyHKENS5jffvpByD9//NfWo8vRy4O7447tgxqqZTNOcdxK/dzvhrDVw
2dtYHSEetcebP39ibVTp8HBsLoOM49vEllcKKVVBz72C6rb6Wi6uMY18aJwV1udJ
AyCBDxwI+fu/o2p/OmT5QliG5l4aBmftbVFk1wHjl7vqxAKyh7O3/h3Ccs4+JQg/
NJmkr6GvChZtsqDvfTVXmyDTpmW3t4l5hEOHBDIkNyWfBc6GMnY2K4oy2kVrY/OD
S4u6ZjetK2vyDCUUeChOhrzXa1qwFuBGeT/r6Y5/ETZajcGejydn1wfHQGTau51t
9Sm3GNRG3CmU6Z2tiyLvmZoIiS7pOAeGwfZLIbDkXnKnNf95Rkbusz1WR0zh+ucu
Kdeh0pFAywFTQP0enQOVuX8eYhR3lfQoPyQHgUt/aqjJD0YPjD8At2+UGLr0WLKu
rWzOYwCVwW0A2R/V0KOzV06kljokkuvTxrEwCq3a/Ud3Dyo7TD6Mi352mmObinHc
SwkKk00ntePdpndyJDEBIZdAFxyFVxwE3PqpoZtPVisCKTSXkltAtdpO0QgKGkv8
c7QqwlEdVKhWhcSNOVARvlboPtifVxRrsk0zTcbptnOKNYReNFD5Qjg2T6+F+og6
2vSrgzK6G99MKIQKP4kvHFMDYSOgsl7gWsL1OfwE7LjjXRVB56WPvjf61x8KGinZ
k7sDY5JrwXoxBJd8rsLsdyASeLAhsGg4k94Mi9bFPKIVPrldn2p1/0L0ARdknyvy
QNauEuSydLlxt8NH6wWGqn1hoiApgvX3j+sLYr7ARCEMPfxDM9LHaJc1JWv639g2
AshvXRg7JidIK37QcpoN1yXq7RCEptRNDz0zKZ1af3VeNzvo0LFnXI9f5UOyFWzd
ae/zcvp7iORg3TCTfnQsj5iSy0E7ELVSZ35jocZr5SmG7CheT2xfO4rIWBj6gAd/
4AzJVY5KxBCInzzYRV/WSX4wpP+qbOE5+kioRk4/hLtm5VEDszvc87MEPeYEOSY3
psPIYfC4EMBPOP8JEqzQPjq+A5GznP5UcPFIebV/mJtSGz4ei9MVTqcxPuXeHWIA
DFkti8j2ffNKmWU+Rb4xKEmWz7gZgFiReSX8i5po9qSD6dcxY5kmAa9wFoLIVu35
SNrlfuCQ1sVYrqb2dm329cuKJonEd/ocnpaTq2JVppQAWDo4czys/7iZ+IakuG3l
ajooxfMVl4O+ruWJ4+lkuVzdze7DmVyoLfMqL10hTXhUEbinRjwmJtAaEe+XP9Sk
TOfcwbyvK7DDtCA9pVsPKd6kCIYntlGZFWgujSgaKZATXv65kl9OkaULE5SA1ZzU
Wc01RMWcwyFIcrRuIoAoe0869HR+6OoxeVEdxIfCc6+Cmnjsl0W88nbbwXjOVANk
skxUDslnOToVM4dWDPyW78HbOQjrL3Mzw2UMTleWOmJcSaFQYKxnvpvu+2nJ3xMt
9DqfDerUcLiHOiVLpiWueWFvv1ZiiwsbZNPGpdoh1MEbcNJtCkHKeC/CSWKszEvG
oed2pivH7CXKDNuZDeflF1Yj8waE80qtl/NpbMjCEFGodo55XLigvOwi0C+N2MLU
W+Vjnjbu+szAUIDvRtRyShplaLZ/SevC75rkX10cluDKjqYj3ttYvbH7Jyoqi19W
ZGhuqgr0Guj+9by5Dtod6h9KfnQ/Ug2oQ56n8swnRIG8eltt204wtZN61fMLMmN2
fBgV4UAyD5Wk48hQSsg5WFqNYbcCkUCNKeoSVQ3WRACZGLAbppap4F/klt3LhNcU
PEWakOmG/mE5MipbwPhFc+1HsfC852FfpcVooQV/xpKJmEGmHvOTW/v3+Ui9iTom
iXL//lKmbWGtcdOQc9xwcz/qzAYcDzxTPyOjawgfVfRiIcil+iqBxVpjK7v7Jhj3
LLKimERysZ8XAqvR440a0cDI2u7QAhihxbumyBnJ7wLLkUX9vETMTpojRdrti0vw
cVgn2STCw2sOlw4knlw9rPtcFonUHrYyWN3t5Lb5ZVTTpzitug9P3l5x94X5JNwV
KYQ3vKh2WZmacElqH6pM8BiOkCBVDnXaN2MtfsOmryxlkRTBoBwC91TrTpv8glOE
bqB4rV3umNaLB+jbQu4IbBR4yZfTX0NVtQE6LKm5sVHQmemot9s0owG4VLlGOMmu
smmFLpvlAYt1pnHZKXZKwHnMflxIN+kDC/eAUiB4DZc9JJi2sJnzoQKivklI73nb
B1C/C28fZPpTbuRuNtH2xsBMDJunsZk2NKC/iJUKG1Nr4ISdFc98CWNF/5GnjWe4
4xp5IXnuxa4QIy4qxyIPlBAPo7hRVrMM1YCIu9zXSpMjkRzWdGnuRfQAORfZWl4Z
yObDjAWFvzA/O8jakl0lS6rs/SAqWhjYk9psQSmdb0/Dt/KB6S/UbdQ4o+5cLfW4
uIw9G6o+6yg7p+WChNLZ+fzAdjtU5rdAhXoynl8rxGNrfGgTe9gN/pTSTyOXkdXc
lt2LHgkNMdVZP6W73gd1H3GfbA+96s/0AXHI+po/fxPG6e4OSrcMLCHtcyx5z4WP
DqFjOMMfN/GOkFpKOJr37muaEHSgL/4zDqwq1NSkPXsEtgbZo+sl5bMc+P8HgyeZ
xDbauq35xBg0o00ek25tE+mEc1UD5McBYD6cYTA2XXXVODHJwe6RigHZp5kAGvs0
uy0BcbYHXPoF6uiGiAaRowlVoosx1D89QILUCD4DUOtaY4a0yPBq4QIsfUFFAkaT
hVabFommq1xMxdtKLu/DFJZqpdM9ZmN0qRF9nFtMoKZeJxl4tBBoBU+sen5F5Psz
bZgzX8qO/WHiCaL5iS26cWlOdcf+PWQiIEESNZ3q7YzWjJ2B2Hml53MXnNTIGB60
XVWFXi3D5qqRlf+C5XlgJ2oLIpQeRup7GIm4e75QblQNlLo4rqrmUEytga6qTDBt
g9c0RjWT7wRdwXNxfk75Cd8LbEUOfgvObLpKmvLb6Cbs/9i9atp/Bwyu7AZBZKM1
KLupT9I6kX4R9fFiR/QKF3Kx5c4QcM/bu0mGxtvqd5gM42KT9YFihXH2p7jfQEPl
dFkFv6Gagq4YMn1I9LhkwM/55ILNHTih5cuhcCZ5O1uajSN5W6o4RUz0LgP0Fj1I
WKnvYKG5DhpoSBD291uSkP1PSNNQodKzqzsdVlaV7QXpfJ97TLGUNl+Y/cxJvPAs
g0U2pgwKIDIHaUdaeq6QwEtKN2hVue1uwFTRavbuVKR2g0H9tYXoBmMHG9AEuTUb
unOW/makL8BOHck9aHL8j3F6ONig6M0yxO9jZyc2ewBlpBGklsacUPKhGB8ic+rU
zNDlup2fuxD42K+Yrn6vqH4eOpBeM4hRGVFsf3eEQA1Nj1hJq0wZDwWde6F56t2f
h+sCpS9egeHS3b3cTAyjdQVcS+sukzxLu3JHe8Ws9q2dVKm2g70Z3IVSlIXiMTsD
KhAbSponCrgGGbpjsAseKpqYjxQHZ9IbF/dP0zesWqh3r1q/ExyYXxjdmhFPLM2o
qGDokMhrihFuGzWKdvisHSxSF0IMxUu9ROyKdVAFr81soecSAzaMBqBWxmOjOEuA
jhGU8LdbUv2QuRvRsc9d3zg32otIPlqXeP8I4eMUpRENLUEuB1JihIaHZew8GGkh
xwnVmWTVVXtsUssDv/BzvOdsz2SON48ByBqinpBjer6hGpxuACrPzROoTGeZ/Ph3
GRCiFQ33v/7obAtBG7luoIvzzahHPL1nFruu4Qqwb1LO2aFtUgfb8ewH5TRHhtJj
y+bYGjPm6e6rWdJZb8lbcMiNzmlO82W5uWQ99tRamjjt4eQQO0a5zFlS2ruJuovs
EJ0YzpIK2bQaJ4sybZhQl9tVpv6VPI19NeiGBrdD4ue8Kgzox3UV0ad/Rt4yzkE2
TJjBfSvCWIQfzMXE/aqw7lQt2FI1ftOBlBtbm2z+wpKKWR76CzK+N3Ls2d59PQFl
YRLV7tOxOhoIPHkVOiVG4Xr4RaAemAetuPFSRxIu9LDe1tIiRRETAK1rzp0+oZI0
R66gUzX96mVjZN5QiR4PiPgLDNIusY/RPJ0nlGNdkUie3i9U9jS4h7s5U3LY4M1N
D2KuHeWYy+Uox/L3oLXF5G3GKHOcHpCGgNBzXGnLmePElPdwg9tN96L8InhrQTNW
VM+Cgi1qdNsritczfoXEZ7cPVn2/LTFwkKoiQrCiU9Sx8SbeTysul/KHW3vcO9ZL
dNcjjhLQDv4PZ/RRCO8cJI80h/0RK4mc0dFBgNO+uEAKUESopRbcqSR6vjaL+nno
wbtr6Sn3MiWtRMua2C3/BT53JsSy0PKD8hOHBf3wy/NNrRH0i5MDERVQoMXb3J8/
KsmhxGuWlOAQRtv5Veod27H7fTiJkVOuh/LyWznIOb7bbfzhS4Q/6DvFyh7CunyF
HNzd3GI1ZGh2PNKdfoE0htemfGWZywts+m/iX5C0tFBB2ibhdsMBhfKzVCOCb01J
ExqEFONtg3EJyoXd6Cxq4bwm45kwW3yjXKY3pVwuKKLQ7inSMQVaO2aVtbfBP6L0
j7LNt5OER+ETe8sucHUUwKRe9lhZo1W/MFKyHWlzaH5srClLipVZETI6NKqJvsbW
ud/zxzw+0gomsRQNlb73VR8O1zj/PeB4+Nx3Uh56U34Nwg0gYEAR15WXySzS1Jfn
A7hhiIvN7r15bjTJpZvDmHGUtjJRruuSocasgBncB5WDvgllwcSXikYVkSUvLYR2
yfBO0betVyfjLvDbxlbt70dxV+K7YSEmkxJRJ9gh/88PxtrN9kcZpRm1TwyTZdiR
A+gRflOBg2CFAQxZMHwz+bLr9Zo0OpaYNrt/nqaSqeltorMSRxbT1tEorqZSVVN3
lU5IcDTrj9X4r+2mQoWw+kaHuUorEjsadzMRc4nNI2WCmHUmmgmhaxjwro0q5ClO
ZHsy+zD9K/Z2o7X4veTnZKxXx0m3YI7uUdm/zbBk8rg67YxmXC3iAgKaJvh+e6O/
pmMsy/0XecBudAImBelnXHMMFUJHhDbflUEsd+fbWCK3c/Q1a21qQPQCJenMeRx4
AXAsn69EiCtJF5RbE4bPYo28etmOEunk/TpvMTgK2Ei9g3570ZYmJB29MRaD6WLh
r9oCD7jEqIBfMILkbFwMgg7+sQ76hhKJ4v3h5bRHcau7Y8AD7bqvXGONvXXAWbg0
36wZqSjPjvGuQgymCfyzh1YWmxeD70v139tYHz7Nhi4De8zX7SXxP8wjbGSu7C1O
yCGRNCkIOpLm6FPvQq81e7bqeG01NcCP3KEOjT0UkajBX0TUOwpBTbrw13GV0j6R
Rn6opa3p7GReyd0kr0J/qMGXlUzMGs4mR/fGvxeN01bHkDwVmDSNux7XZQX0GI2Z
aN8tBbSv2FqmSi2UFJgbtN5QUVQ0AJB4l5xN5nxPTkcT0lmj5e2BDqBdm3tjKEIj
u7/L3nUbAP8nog6YxZpRslzJmfPjpihmUfvysxtSza0wp+ToVDX1cBBUykAxfcOU
tvm1CKZvle9xTvKEddvhuk/+jdtVaYtcVpeiAe+w2k7XFpuf1Top0XH9DEasTqNA
CldzuBbQEC1TccdbNx7Ypn8YGgsbaHJ4XdEg4kJyIaluvZpA1/I+qnX1ZepivnHh
wTFVDXQDxPRCde8JbsCPsdRUpA9IHt4VA6NfOeGj0QVHAvMaf3BIS5czx4kQpIRg
gSc0HaFP2DbHrChGvWuXZhv3U79aqCetmFeH/2iRNpNR3lqy0762EkRhukliOQOo
4Iy7Jsobl6fkKrF9+9CjxmbbKGrJJJ1t1vt3SABnvcl5TLAmDobpoxhFsjhoh4fT
lrY+37gVdoSYBUN1BdLrcGfu0jgVJhgUVi7AB4LQYOl7ERrAvLtvBy6cmbw//ICu
GhCz6/dgiH/Pl7svePlF7I8q98y5pEbXyFqEGxblu6lO246RXSF8LiAWMcJ1iQtq
TcDpOdcXkxWG4PS5af+lBdFtcVTKNATI19IdyaBSR+KG6gmoI/lAVT7psnx6f3dK
sl4GlKykrJoEu8SI/ds27KTq0A9WZAnwPIkzPpP1YbuTHTZslakmLFeXBuwySbvi
yqMO5qkkOt20FjcI42La5iN/oVtKdo+GPBvSxaSd/R1c0T55lg9b34TabrKSshwF
2DDQ5LIx7+LL2uMknyejfEsLjPMKjuOu9e87qJ86Hg/vjdlFklLe2uhDSdlJHjAk
u/e1+Onzjpdt0jQTx+CnJ0D/6ab6K8/nvP6kORu+b/PQaJKP2qoQYY+wU8cYxaxs
APyPpCVTA2aoBYt1aZdXa2H9siOD6EDxws1y9hBDytLHVnfp1wpUhL0K93oC7jZG
W4HweTip2WFSZEov2BMBnGolUlODI/TiKmtW0GtOfcqkJmmz5Bf166hjG2t9wctK
yBBf3L0O0Zc5lAOvrZxBubNkUqGj4l/Z95YaSH/73WcrXKw9nBU49+9kp0RHxaUN
jEtMLYmlh6tucZXXsWZdC+iJlIH0wm3kUm+Gl+fHgOhgJTb1NUFBzer4w9jOBZEE
Otscn2aRQjTBT0UxAngfgQfYmyhZkZftje0PM4g+n7Rh2WBeFp3wNvzi6Hu5ZnH1
TqFAr84HKZ8mNOBhpY54aKNjPg7v7u5+N20uYtZvqTuLCEqXzchQb7pOC0GFUSx3
pDWCQPvX6s/FB+miPoQlHNIhr1Bk87KHWkLQHGqM5NwmX0/KfOWSKsSrJKgpqtHD
Vd7zquCDp3f7/wDxQEcn5y+98e3oiAGxu2iPDsgEDBJ1ygob9/VvvqZxXill5jTq
P6RQuMB+xnyQcnFJAtddSjmraWa2BSDdY3V7QNYJ+nTXg7W3MDSnwKiFoZqQLNIS
ZYyVTuTGF2qFIlLz59Qvas4ZdaFUVFNZWpI/cuSTFWLeU3BAmVwuT5XIZf7llSp6
pLvBAaG+Z45jmrzKWDHUC+D5WvaZ7Axl7/aRIAWfKD0k4XaKZPOvQU2SC9rVVUNM
LEHmcE1mmv22lyRzUf0a5DxlOwYZ0B5xy4WX+Kzfs8M194HVLUzSvuj2CSRMrPxx
vGMofnROrerlQz18RA+uTd/XnOBtKKgsR9+QkeXRTEaXWuDRcurKR8nZAC6nx6vA
RtsPuBScs1cVdVzfJLydLDzwBKhjh4rWofasxy9ct8BTY0LkqVt+dMQ/XyVMyRcQ
yQWoaCBUSxOSRLKyWtGKBV9aSe+vQL3Bh0GFLsl5bM7gF64IDGBBtPrzU4y0R3gd
mNpC380VM34Mte0JxSR7Bap6DRrymMXCjeyaWRXfYfAuBNlvT+co/HwaTQfV8jBG
8AGxVb+BJLytS7jL3iiiLLEDDMewf9ZOQzmg3keMM+OGBraa1tH0nQP1prMZvis9
VKKtz2PfES4DQBKLrIx+SVYDBsUofCQo1FgkWA3T+Wn7MjY+3Mqgu7epnONWCB9f
Qx1m1gbQBcF8qTgc7vjpO1NqiUzfOai/x+kuQSJn6jv6814mzFJy0VcgldZlBoDc
U4Om2ffF5NZcgxiujosncRIyabV+uvR+jlzvEAjkp2aFRSywFLCJeVKQ80mf83Uj
E6Yd3nQzsbeX0Y4NSSAfQF8SCkCKMrPigAG05lE2y4BBYuzh8lxm8fvXpBCYBbtt
RlIq9yqIe2KgJvOoMWTd9OQi74t+Im4+bNsAIOJznFgX1xf4saiuc0phdmjgded4
ZCCJAiY7c+P/+oUKC6AW7T+rjdLqeTpJf5Ov+0gZ2utIZ8UO/ui/kgf7R4oXgIQm
7FnnSRBPm0cjrAYE5z18zoRSUbxhmz++4mpqA7L9JMb6SpqYn8//cTAQA0CubxA0
r/PGTwVMYfwDyzgCVbpFyHx7I6uvm/40o20f4WqUulLT+ws8PlaydgNiYjj4cOPC
VSeYZx7IjzP3qq7Zth6/Gkm5cQGxfyn44OQ9T7JrrUhO5/sWuwNb6WnsTq2cW1Br
O2wOfWOJDZGV2Tr2eT5dVkadbj3q4lhy8fM82QVguJtrjA99EqDZDLr/qGtVs6oM
HZ5dUtaJHu2hJmXCm6p9fmxbFyNp+VZpixEKHUureg0L5i9gRr6plYMgxwgwDcVQ
D23ty9mAR2cEzWbEAazR175g+oLSumx6bMBAFZ/pzolg/0SKb5r4CLy4bJxqXEXm
JZupzFy5SneU0x2iyWcnnefaJ0hS/Y/dvDGqhIBCsKRlNRAMW7xGN59G46cHmSv3
LbScR8mCRVhzRLfSGQh7IHS7udFzYhyRkUIWlrEqRf3qblm7oD5N54JPUBzyrzq0
IbqGrv9prc5Ao03/IYi5BpKbtU96k0Rf4mfTGP6lrgSsKJ4YFd80WtWULm7SD0M0
yPGauCKeUpbOLd53+cqihded7djIgO5+kTPfJZTlI7YSlf77co0X1QQGNXXDlXnl
mYL++dSFSaQmz0qYJHKopigVKRGe03oq06/AgUocDXHm0FEeaNyTc9Jaq8HOMLbj
64pWJR8jc0T53kVBRiABhF00Jo05OMMYz/Fg5/oNiYdqH5EAkm3zQlIIIB4xoSuw
4LBSlan8XbTYW0lLp50icUFFBnATr8BjzE6lm+4u2dJr6vnp0Tp+mpNjMB0cIwQW
mP+OzP4CBdY909hobjwbbtN4j33EmhGzbSP1SlqsEDfyJk884MjQGiTiLINRU8yD
FysPjEqAA7jQ9g39S+OiBhlC2zuGxlB5UYriQfP2lY7RxePonhmlcYyG3iG50O2c
UKvswO9H0v9gBPoCuetu7CG7NiKefmZTYsLbLMCtvuYA47ULxb8fAMi9Z4kAwuOO
5SnxTdx7xWBimq5JSMytpwAgyY41sWuhUSeWDFWzgpEFfD3RjgmZZ+6uFzmygwC1
jVH7VVMO+qjjHuGSpyJ7foWMAwd/SBgRUFpIiH+GQMgQfFDkwJmS6p0PocGj19Wj
zzOArJmfyVE+SM6vrE3KsOd8fvSi6fPcNk9nP7zK4Zup4/ornTtFrJxmCb8IdVOc
F15xkoXJJyljgliR2NRkHyQxKqki97MlYFBAyEPGUYJOLhZ4atAUzVIaIlm/hrGD
3RQDLO+67F2y8E1KeSO50Qx4bMqdeZBcROtagvVlK0Le214YpKDZAMKQG+4lyPMT
90NffdenwCpCm1SKo1AIZ+P9rl6awscPJsWA0CZeZxCQqeL365uBAkH41AkZFo3s
FnsXhXcqgR5sLxCr8ZAF0WcVtpcQAvvm6syz8nAIdpmF1Y344eL26FyF35v4KUJ4
k063ZaHJDQiDBC1GCRiqQSUBZr58y2cTcJBAmt9OV/TD8KKNi5KIel05RS412gca
lc75mLMT6+KgtSd3VPj9s+Y5RiVN5NblJxrmzzzWssK3DQy9RNKK9X262Cp1a+Sp
ubUIQXLM5yFeut/jRwVwUARlognJpj3fxvya6vRpEUeLapJdgq8G7rmpknw6wyY7
RjIZGgubRXJX+xy1IVbJraCxe4Qc/nQ+JgkM6bxiIvoooMUOZ76oqfEqpzgt0Mgp
OpRLcWIvaFSEua2/EKZpfjDmq5v0rSHzOLFrHlrGIzmEH30rJfCuVA/Sln4I7H3z
BVEEDXI6gzgMbIvf8q7sSUde/oUNJLD6QZbL4YHJa/dgvIyMdWv6TymSNy1Ipkrr
WZhqFiR22bXzDzmB8g5LHCaA0F3imSdd2TaFGD2mdTBx0prIy9YtQRytu1TzwtNs
6mvQpwHBsx27jujuuEYRpiw6vIS5di7d/oj/yX4SZ1X08I7ZR7guAzlmoU3eICa4
gtU5+bxS/oFPw3sO7crnIBSkPFsExe5SMyeuVZCarZcLdoo+f9J9FFNFnRaqTjY5
DJQkyJyl8lPQ7tAAzaU5purK+Co/AFsfmUCh0ASYAk9xpeHNAlEHrOYLq95j26m6
Huh0kyuW9BBG8gkHWabN3d26YeAEW6ut1k3Rz4tyIFNiAojeWKj8KCcFQznuKthe
a+Jz4k6sNEkT/87hsLs3zFJ5v8W+u2hhv2LFfnWloJCJRFOM9x6b93OokKFc0M8i
cQ50X352fJPd9ehLx282WkIha2wKi16bHCUQH7fMeQ3v02LzSyKPbjKpNDBUsR9E
yIhhKHqHapJzUo0FsikbehrLubuVbAXbPQYA48/oiYEm4SSlIQl+zVLmO5aLSQO2
OVC2JxED0L/jyrMXqRJSIcUtWGCFEmaq+mM+A5Kc7DG+aBoJxGZmxknNUP7Yd8bT
WTG2yHWdlIAHkPIewvkOsj80ljqCLhSh8eTcMgq4AF6/omPTnmdVZj//ALRr4t6L
a5s9S8eQDTRgvSp4o19jncdud9I8Vz9e0xVS2ZZSFl3dVsQbcsLE/7NGqBQ2sEed
PXFT4XftFvCuiLR311DHYRjhJodlAf1U2PzFUHLesmV51mzo+lM3aBfctg2dWVyF
rmUq/s1syjhZMVFopPfJL2gsSPHQ+wnfpAxhJfhfQdaoPBqfZH+2/+4KfRoi5YOf
kDBK9Im6YSawawEpLlKt01Y4ZFA2AVrb3B6CbBiIrLEzKw10UOz0892cluYThugQ
V0haeyeS31viZNPnNk2soSQJCmfT3TfKQKmRlMzBOywrAaq6quU2KZJeN5lYU4Vc
UnsJrAdjmgyNuQxcQ/0MjH6KqfkTM+eFcAg2F1fGcQnU4ogh0/vKLBJ9XPPHCL99
iTx6yKc2el6fw7sNNuv5QQmf7QYdp+BobsXY953suet82BPfsKkK4JLUDLYiV10l
LjKI/d0rPk83FWpdujMK1hZly5eNF+Z45TKbKQ43X9XMXB8nJoLAZpUi0ZmqIa5D
ubM/mJ4tnVZqnv5YgHf/VE9x/cIUtQgTaELQVgNQfX7nBldiNu77JrL9zR0UamhO
YNhZo72d7hdc7szzJ76l+4akiQBualvrEe/dwQBXosrx9YUwj9b5nwsn95kTmaI4
rGxYPLnzJ60BJi3NxaD3y3nxQ2PCx7Dhs2rz7EpMJl9ZWeGAxoOdr31D2KFYCXLv
3R6/f+XL5/jA8mI41TpfGSPKnBeOILnoagBaorzi57SJTubt6h17H1CjVuJ/3S5z
KQ8j86cJwOFfpncI/amdUVrufhtR7t1icqiyMMdLFv24ukQqSW/J6J+0yFDY+B97
6YaxjNbBKejtd+ctDg/DRUK7PmKdkPY60RYbAO3pY59qLp2Ogcr4lmRr46/p9ifL
OziANHI1HVkGoQ1P+nXQ5d7x8RbFL9FD2rloFdsNHA+IPDQ5EFDy0l9FClblUmau
nrO1qbQ6okXgt2/qPTjxpCovimAXAaAsFKC1eSPFYFCs2oYTTgOZK5vIUo5JkAXP
xHW0sfRy7a+b6CVpQ7SBpdJFLjI15QY6qeezsZf5aUOQWFM8gZOtwEsqKXNEjY3s
QsI7lTCAjBXUqfsMetcF6TlO55XJLPegmZtwKiQAA0pAyYLDCLAu/GxNtCzndxQn
CunW5ql5OtA5rTPt8D3d7u5v9kutzizAzk2fUVlYGGMHCnNRBlA1mqQWgewGd7io
+zPBaSS2Z4BdoOEk8ZdhtTJe9I22BTMoC5OUuLNVXRdFdJUc0XXxvc8Ve289A7pe
DCrjJPnoKe9y7xXVbS61MZ+Zu77Eb0KmKlFbHsOOjno819eFwF23+J87EybLkXPD
ZSJnDBr2Kfb3j0kPl8nPaE/UAYlKCfWklCEZ1eeYLDa7wdq3EVVxUggBzMeo/ct8
0CVNTct6brwYaEmxWZbWXtACNpLyEp/5OdwqHkdcVNgTnefZLzmxveOkVzcdKBWc
Hess9LXOpznrY14eduTm7EnM9EM0gYl6uF7O3zdbc4ybC3m0EGihgVlpudAdWJ+C
I1gLvSQgO9OAJ3gwtNwqB7l3sI1GBRyjoNYIZzRImIEcHjYE5uNyAbpNjhm1x0k8
Uvq8V8SPciTjmYxZtxPQT4wwVhwlJWP648WyXVgaWA72Ppe+h8VZcVO6/Tuq1AYx
rCOajDEqY5tF6nghEDV67/xtsi2c+CjbBFAasSZnM5zfZSb3ZfZ7vhRIt3mEC+9u
apqDEx5c+l9hwmQHeUwyTq72xRB7WIyyjNYJraJHJhm337VvUeWVaboOlomkUVgO
//8ZdPhAPevTNx74sp+7nYQp4apzK/HuHeO6D/UfAlIKLofePtsx/gIpSYACVwZS
V/c3TsBRjMpJTJowpOHDwwfnejvFZNUrmAPgRcWyeR5DYfG5lJy9kSiog4RuzBP3
LywyUdQ8Iis3BzYlp4nRAN7IaYQUftnUD+QsnLCkvdjKjdwlsHjREpJ5cIha3kHF
7EkegiihYlsm0FTRw8m99mZYMY6+LQxnNabCcuiRG8yUslCosIvfO8u6BWiuQ+MY
4KGZA5M0NbvkjLOBeYFy+PGmDC4VfoxyM4T1a5FJMWm9Y5BcTCA2d7KmbsJ4cqKe
iT5cJBeCn/W6BUth5+Qi0eZnDI4oKJB53EKVppG71M6g+vKV+8i1wJRMK2BlgQir
8yAR4S8cj3knPBtwiPDwug52VmvVg4Mt1tmRAIzA1WzeP0vTYVMdQMgKXzQuSaxg
bcTEsgIFYGL9ux0+7HcIx//7rr3uwaJx+BHFk4HRon7x4Ew+Y1vN9AaPXvvOnG1r
ErJjb94DtcMy8YPYI3CoDhu01ElTgLdiBVFIr1+tP22b7HvrcGMTtQzE2eU7avwm
5dPbxk5tKw5QwBTvls0d+H5xhjlGZFCks7IvRwxfiwbIMA8D5LAgpfb/5zhAWJrU
EU3520Bbu/EWurvFSJmvVXPRxjzcRVzF/8CFUmbdYGtNveGLS9CCUaU+z27JjOYU
kPP5JUedVx2fElFHQ/vFtPg/+V4YIco22zDaA6JjB5+uFIUYmTcgqQpdrwWut7AR
9dqb3SnLCIKsBKkZ6qVxS0JzNYtmNXhN13qfxFqpvHS8YdULAm48yxNfwnBy48jB
wT5ePuZYqlckOSl5iDHzPyLP9nYR5jfwdoVvmIWGrhfeJfpSBQFFLXFtLw7X9IAy
ywu00PfPoBatSB4aHWKu9Iwvi6hV7PHlx0ESLjGO5RtKpdPsLEuf3rhqN7QFUvSO
EUkK/ohgXAXB8/XGPqMapR3f6ejKE3NIfrYGKgquFH3hztk9zSYvVAOepnXuglkk
m02xAbF8ODFzP1axjFAzE/mjI2OVRmh7Uu7SQh/Fiu43MnjVuprr/EcRHu247VsY
z2PUJko7xlTjVCTO5MLMIiJHj/JSCLxKqlWr8y1rfNMj4m9PmOXkXdlw+0bMBNSk
64E2r2CvSJegdA0yVAa0z17alR3Xlm8Rv/BaQJnZVs0iMHbxoqyyhGvS3OIgTi2P
PW4SAhuqMx1YAZW4dOLhfHhQeXQJLyJwyuq2+vYiEtECtmoat1cYDiG+8/0siTRv
YxPYw366Vgvwt9ZPU3ifsfjn9W7vvEjTfO+79eZ971+1ziC0SmiP50ikgiyZ9sCR
qUptiVG52q2/75Vo98iXHXZPs6jkKXhhy33ItsbfTAH0rZuf13PtytAdieTyz3Ti
Agtp760GcNez7AOVSh0JtbIfipmwlR9uaCdyy+phdO81cE10a8k4Citx++kS8Z8c
mtm/UQ7HiCyxeg91E5CILyPV3+53Zzu8rR61vJrsyN5wIaNbLOzLK/S0laGC67zb
ooqVNzzqYJt5YecTJPeNw8Y0sBbDIXVc9S+bAq9kcj15/hgiOh5cq7RGZYDYtCaP
18v+4zEgZ/3drhHS/SmQilNO3LCeIuXNGE6K11QwiCQ2yLJAENJIwqueXDi39/Ft
scyScpN1g2ikHGaamDkgdUHDWZfq2Bqjw1G6q4RFSx5vnkyGER5zgwPf3xF/npTH
DfafFmN9XjKWyZv6+GA2fU5NEoVaVXq8RlZMWez6Ga0H66qCiIkOqthdPtJ+ZtoU
v7iK89LkwE3f2dU+xpznv1KNVRVHNRCNK9XO0EUcxa9jS/vBskaLp4AuJZMTmzsW
Oz3tfzA3GygrhJMQaqpw32x8N2QbQ21sNa2gMPYgQ8YnWe7oy8ZFHudaam5psV9e
Z12AAKDbkxQqANpAsp9o85JN1ApYQD8BkDb2+eBpRsmm02PB042lMSVe+okha6I3
S7kmNsLnUSTeWEPg3U/a9MiNbIrN0KQ4ngAYqT6L87dyyssBSr4cjFmtONsidvHs
DmPVMbuQe4ghj81JmTAyIISCn4n0/Vq07IlfspuHDh1gpaBOj9DEvM89XbEKs4DE
o+EXTZgHwLVO9ngWjWYaD7n20IgapZPj/3mboP7v9tImPiP2LleLpA/rRswpkbQO
B3SIatXLWj6vqnyiP4g5QdP4ouI/fwaoqfm18PqbST+S1iEL3ozOO+FEhxT42WhP
2zOji3PI6yQg2WjNDysEg2CBUbEXAV8OuwubSOquXzunCY3pEog79HaNgA81NNpu
gCDZw7G3+2Rl+PirXvn+DYwFQ+BCF57hDXN5REA9by8e9swOCT4JM49IZkghrCP1
VBxIByl/d99faGAYsCTAEFmC3RtfVc9IijX8EJ4gA5UOYeYp6gzwAz0iE47cYAd7
VJXfzW04+wPnGppJhAzQz9g3RIe/9KkT1yT0zOdF6hz4i5MOXOwj6gL4MZSdI80a
S35011JQQVUu8up47bE24FuqtwdcOnx7omSvXyR5NrICCWP/Io94oy2Yz/HuTe0i
tM+9V6GgqNQzkI9ntQgy4ldbC5fM9R2ZLbMkzQI9kB/HY4nWTR9G9UQDRLjW5GNb
NqMcCSCd27bztQBy60wyTfZ82c6wBfhCZItQT+1FlVlGZY+mOiNLCZ7goDMJmNeK
RZj8kHaZUNQOgUXj1J+e6kVqfUnfj4VNoNgJskXjmpDL3KByVL5QBewROOgT+RjV
BiIqLvFi2f0JoCwy6X8iaeqFb/tNLd4c2Hg7uY88KXFV2wm2aEqvLRJeabUjfv2Z
rZ+e5LgN+y5aJGLVw1aWteUowQZsxRwpjlWO9LiOl5m/5XzjuXMQrF6cJkJqzCYc
0RUgclicY+4HW4IudXC5Da99NcjNlBTpqxOmbrPGqlB2UoL1js5kUoX2K6xSGrvM
YX5X21DktCavW7GNRFGabFPbCjp4MV3oP25YUbkLISNIHFcP4kiQLtkC8WLGT8UY
KPIHezCSE/Ey82GVzhN517lKURnXrXHTdNdvdyJl31W49FdadGvQc3cxzGaFy1Es
bpDYaRdHv2yP7d+MsmZH9NNASbNlomyxLu+q4ELd/MCZ0tANJ0GD0M2sDZYtRPzG
HYB8k0OVVJoN32PYorbINA2BAJUu4CPPq72i/BTLFADYPqnf+dfX1pIl+ZQQdB1l
TNMP8tzh18Gujlh/CWCNlQGTrSn93Ef26f6mCNvo8ZDeGURcgpNrkRJ11ciz/TYV
Ln8+uaa+9KhRlV2yyFByplXGqdM6hSkyck+5yYVUmp2YUukatQV46kyj89MXnfdQ
NBqZu9ttBQ91bCtuZq5IquURunL33xsOgjk3KcUZcuUsHuS/9MEOgU6yPjDw6kjx
1M77le3lCr5dqo9wrlARnnJ4wGtcY2umzLvhq6v578lp39MmZaa4vBT4cHjDkoF+
Rg6U8vRVqEr+3AU8OhZI97QJzh518CAe3rSrWJ08KoMxKPqIrxovb45LwYkHy/a+
yMPHgppJRiQZxc/Q85yB/xFWuqtPysXXByvDv7pFC3bCSoPaFmvBN+vsxdFyJynM
/EVsJjT5c601mFc1UfyouoD4Hak6IbMAa/6Nv98ff9KWQkMGTTgMVLx6Iu57uiBQ
mNjtlQnSVmVcBXJ6/cZAR7wTJxKNzfgLiGBN5ko3JVgjqarY/pVXF29HFbJYP79e
BJdrmvYjV4hrES1sGQhPwG60tXRDNl+sJWIgoM+MHsG8fiSCRgIDG7iiyBmqVJ6A
fjU6d4scsMfik0cH3MFQz4JbREzRGh6yYMKNOnCz4M/qmTR9CtO4kXnKu3IHxk3V
Ku7iSThHP0kUirhGgtzgtA4FUqdpPy3sgIQ3jjdqhI4OK2St8qx1Bqu9kRDMvPRV
AYfzNbO2wEQUoMnHSOA+C3ae0NpKdMOeof9PZoUNInwOXvHNgLIZ0CwR9JA+gYFP
5uiNef0V3F8pc0WJHmUBvTVQ/lc59zoslofmKw/5zgJtw+W9samtxBwOjQ0kSNAG
5lCMCSNH5uFQvMtq47HvpqLpLbdvq6iWDVaCchBVZSCY4xXgAG8o24eJ+jsEmGB+
ghOLclzRyH+rM/KxCgL63rskSEcy/rhdtiIM2KtqsO24LcwItdCKpTb7uiYz7qMr
2sE0VTFH34sJ5MUVzzV+THIwzaq5L+a9ItBk97lpSJeMc77eoLybZMNWYfvHkPBt
/wSfp2RDvmL0497aoFA/e2zZZXWWYQR6MFeAtCPPw5D9G/4DvdqF1ilpFO5neWKL
Yly2kfoHgxWWAmS5EXct/ASHjr96Lt77J4JIgJDmLzxNhjbm0ipY8piSq4oRnv3S
6RpqyLZ//D7puBY9jHjSBRezDHJmTAnTQFIAU/UF6VxJbB06hvwgYBRJ4NzjoWrR
RVjN753OMiw3ojqZrszmlSVa/KMbMdtRZqaUg87VIjxBWlN0yTaIht7ju58vMxbS
bZYDvV99usbHD1nfUD6+S0kO5glRXp/qxyqLIQFGY4MvOQnjAVXxeX9MbQ36THO5
C2571wCP2Dy5or1pR9GFvkngSHQI0plkCM94KpMgHryf2cS3O0fHNiQ9khks+xxU
tXw8mOpXfapUkR6w/tAhbF+QyC7OygSm8/vMMB7DyfkCoiRunZDRSUFbfaeypYcp
pAJ22nWBkVyCv/nA89gxgvMTazp01dXaW36V6hTMum1LMS7gTEEFiCJu1C2SKX0u
7lSaqCWBOqpzX3Z4iCvjuBCUybkeOshrzi9YOq2Ty6WKd64xQb972MoRU9xbe22E
LgxWu6WNSdXVDru7HfaJ2iZ7hkxZl8QXi1eRuk6OIljsrHHufTIgJRyZ0BKfqg3m
s8Y67QsbMxHGzWhusiucMtagO8b+7qjvVsJq5LCBuu6LAagDF6myOuviwD+0hg7X
OnwUsqQ0X3gC1dMAyEgQYE/uMPTOa7DoYHrrPVzZ1/+HHInZGFGhJtuUkr3SVjzR
3UlJqnIIgb+bixWDV70eIJ7p3vQVWs83syEongupLg1t23fDr7zsRB+i6kkXeHZv
o9mSPi3tNl+dHGdtB/2vNZ7a0qDIYcdTgJVlETEYHUF9gDf7/SZNUPo0IqBZ2KWw
n1z/GI2yhgLCHetSAnoKUjY/BC91I2HSfOlmPa743g8SPY892X+46+dz+ySEM/4j
7F9eOwhxKn4e3hNB1onE6rwf8jnSFd3btRUaWcNCjZK1NY3jFWb0Ty/BYPNKreGS
acsaoF5OZI1M6fwShxv5wSE7K7VZmRsJmm4nWm42jnfnTPnipcauSecEjYf1LY2E
4hPl4sKlGukCcQeRuXB5JebwmDipiRNG1giEt+hKWdC7BYjlojvQksDGtin1VFiP
orA/V6UgHbcgZsSCz3YSdl2InstWIPdYmlRyMlsqKfpyWF5j+L4pM4dQNzrJq3JU
soM017AL6GI3UB/bVr9S2KFCD+gkIIns+e37g/0SOqS3wcPboftj2oC1O4fumrK0
8aB3ioHrpylyPo1iTkCE6LVZ0vCHSRIMAS7+MQMBQ3HPXfIT1cum0iUnbXYRNT1Q
l7CxPQ5OatD0fS55txoOq13nvfgpUmiZW+0kYqCVmdNnDrYMxTGCcrAEh/C5WuHA
zmdtGyq2C+rpL84BJnpwL1rb1uskc7SIXz4tTdU2c8zPt01XoxdMumUBroxf/Bg2
BFYAgx+BX+6pWS0DouhPuv+34KdwHiWU4dn+ZftVigoYQDgoreT1DeBDUrk7NJtw
a2jPmycoUR7LVa1ZZ6fcQvukK/DOR6NWyGII4+DoDeosQQ3Nc9k8fCmqxtr+zcGQ
93XsuD1WhiTaLMr8TFG1f35U/bj7ReuKpRu3v1VbNf0xg3RrvkQeCJHmvtXqEMLp
phSkuo/esJVkAaM2Q+5vBRrY+gnU4uf/kefURSqbMQDpBfQnNSLX6DKMytX+yX1W
I70+PJGvs9Zr8CQkOPvYJA93U264UdWCLmYK9i47Lqzba3WDZkgNMhQdLNnYG6Ei
C/LXX4+WxwUjVjI7FIatzBaOFapbOO2Zg8dBVMEGlY77NrZbCwFeWigL8Lmd2Mev
43hP26nGwVpcITauL+0wQoL/W6Clp1IvS4GYQy2CIYqfcwjGHaPU8ZbtYji+uiJZ
OTAuF2VWwnO3Id43DKsMBD1jZn4N4LXhsogxpIDun/iNjQuBl17sHp5/n2OeRIH8
kWVO/YRdxGfVfG7UyIcjypJ1QYQeign1fn1qEYcFWSQigltgrPxhWGK9n78c2r5x
5rFbZ3ukc7fOfr7ncjRq/lcYK1B5gHw/OCxTrHIPGvXUOe6Ki9UmxZVi1zET/OvK
6/bZUIMEbMb3iOEnQzYCYzX+DD1dUBHKuUK5VuOT3UIy/+h26DMpRc34l/yTLm+d
AE3d/SAqCe54yecwqZVRiS0M7d4gttK96fJ9vvsp51AvhPZTyJeEe+zZYSgi4JfI
RTM4FXjofUHAtikWZO5fERZPKBi/T+GW1dtaFGRAL3Z86kK50R8xI0q/z3zT9yPa
U5pe9qQGWCGZS9EUZZHAbyMZFhw8uqsvP4YVjQikMI88gLcHA6SnvPjJzyZimCf9
Eq9IRYKoVOp0P7CgAuottg5gGz6jg7XAtXPySpgMsY+xNxiEmDDHjn6Bdr4/NGgK
uNXSgTTnHr69TJtWmkLAAHhyk69LrtVdU8ysd7OTbU5Y508Yqud7SHo1NWdZqHBN
lekazmPrNGiHSF6lNaxDUcR3llfgbv4OmzFtLnoaiTvNrS0sZelYA3p57DGkjo6A
9rQZDEn3MecUePOpFC5WhNtGXd3kt1uHrI5foCLaM/+Ehz47zBCo2JimaYWAdpi2
vhjJzRiQHWjG1+K0ZKaSNTZdmmzoa0o1hqJyKN4JrurxIozUodVg8Bgq3+wAcrd6
dPD60uLvaJJ7pPExqfWuUitTh/+Fcuj+i2+2fsZtEUcQqezjnHvwJaKNojLmh7VT
kv/5eEMbRMccO7KsyVVpVQnh7TpOndMG7mslTYmfyhq4ZB+GE54FpcK1TOgcT/r2
R9ykZlrOvhZ+dYcSYsDU/z3+Z98a/d1wjA1z8yblo7iSxrz1FvMNd+fPNqaCTz1a
Lm1+RAvQwIzsEp7sw7QaC7fruid5SbV27yIfIRBYoj446v87QMbokzKB/jhYOd+2
xhEA0fG8rQj3OAXFTPEQmc5EXSdSi1rkjOZA40R5a/ytPLy1j5k8jMM1p2A6BPiW
EpoDZe/O0oyfA8FSFk/2HcX3V5roU+/MvJMlXq59GTbVYe3Nc6nDr4eUw1SS+Zgn
eMK6avLvj0jpvnuKl9lAiAUaTAUwg+W4u6/ktIzDSP8ZQ7kIU2nG/FrSLcGqspPc
reu210ZamqTGibjVsNhpeWA88JSRlnPS4JHVkS2IqORZ0EgFwsIJrJOhE2yOsYkW
GK9CAHsfhZ1ritip0Wle7yUOP1DL3Dth3azlcGpPR18QijgKrvDCzjM7zGqLhHKZ
rE5fbYYc4jZTWZnQ8pLhxy7YVp0OpALXjHfElj7zHMZhd9tOIYiz+qsaVdBRvLjc
y5cur5/xim0jb8qXrpaMAE+TwMYX0NUxkqw1G/72Tc8dfhlZDc7CbbF2SDE46k09
Y+Nx4rpNEABFMB96TRB83IwtHKDKlLN/t+Nt3NzqogFj2eG4k7bwxdrjkqyH3wat
Icxeud7GFcQBrTXehYAOQ4uh6ZAsBPVjL2bZPTHV4wTQ2s+BKANHs1MMqmFaujTz
uAKEuFVRK0QqvEV6Azq/UYAKa+0WcM0RaJLo5il3URFdFU0+rtHQ+ZCBZdBtUt9d
OsV60bjuebQ7o/9BR1bTLOG+6I4YlTNTHOoj8zwrLqrR7fwHDcIbNPG49ff2Wxme
TpT3IvJinHrbZItqSgqjATJSb8wII6A3xssRRlq8/ank7t6OkVOf94knWN9Eng6j
TSZRMpq1lyKFncRlpvW/g22QWAiPvAtJdP8vuLwrQFLrSRI/x490NJkanyZiJlnZ
3H8kGnVeXO1Jiw1Qgx4Hl70HgH3F76vRlhJPTfrSel9TcO61I3II40vYZd0YxaTz
3KKIy6Sw65A4GobBc3qR54qnOkrT15io0nFosdcOZpIMVgue4Hse3p45HAGKoZOP
PDzw60wItoyLAHaXUbyDtEdfERWMbG6L3RqWJwWcCy+uaQWuVbcG60Bb+MtYJi0/
5dottmbi+Fa5lykJjgU928h05iPssoniLyn7YWND4wsvjCFklfsDdAAKEnZnb7/1
wEPDwEFlCCiYL/b/Kn49zKY4f5cUryTNOeenaNXA99IlJ0tC7/6uavVk4RovViOF
q5NLNOWyChaJiETbw5YFT9JS68tUPD2yEgYuQzqwUyS39PC9AuiDFQ7ePLnX695A
5ObBikIkNQevpMx9yFt+nC/TnElRJm6mEJXST77HUojW8FT4wJp4U3idQ49K22L1
VyPgsHyM/HFp7riJKvP+OfSh1PClBy9osssWhIyD6yOonKqcScw/HJ8xEa99Pdpm
bjDUMe1RftBS84TI6mtoszPimWrORfI99X+iIL1PcH2kSaCaTM8+00Z7AFobOE6a
DVrAW5+qdXsHIU4+F9gaHFQJNU9y/InQ47mFM7uv0PNCYm0BDezbDWW9gMwKEHY/
nYvC/7gp4lBYm59dreTkeQG7/+IRWkjGAWMpWvYqIJB4RHK2WcLcPHmomWuGrhUf
Q+melMJo6u+V7QFG/aKgtYWySX95UfjYVLXa7WVH9BeT2HHC8m6p6xqZBpZJX1st
GeButaoVqZImHCo2yXcbQ08SQyajhjMQm2Mp8xjuaKbTQx2Rhz16IpXktoHZtUSN
SaMrYc3GBXlV7No/9ETM8GZOP4vgFUCnauD+ibtGYLDmJG0BY5GW33vkBrhOn+L4
R8RrOp6k8hHfA/Y42wyz0VMw0BUuVYNP0mfHy757Sq3L/HElKP8UrVfTwCm7zphL
l4nH2QWegjbGx5muCvNK+jnQ21zv+WJxXL9qMr3W3jr+ZlPutzQp2Y7UoJHMzbrs
8lYtUUk8tdfrd6uqSFaoE0MYogPQQJmBQP/6Dor6nQ7jMz4PpruIgDoCgUktSB3P
66uI7ugAShYF3YWks4Mvbh0gOxBt6V5l7jQGsK1kZZ2Z2ARRMi5K8et337xYMzqo
csnZoODXpHTpZ19kz3TpvV1Xjz15EzYwvkDovpDBqGjvA+RR+QdgS006KyL6+Qfy
pO2uYaWjG8HfhOApkgJvQ/CyeVTGc7U1oVoo3SOSO0n7hvN8BelMPRQ46NPrxtox
QeJictkhP6O4aXi75MGxRFd/ibkgngcncbC809QcBx45yk7sO0HjbI+RSGUhPXLX
k1RWPT6BrP9C1Rv82ubRmvI3yB0T/LNNeesjJ/heqzOBw4ekKT1wW5h52I88lT1D
qwUev/WNmuD4LzB9xgDH0JE0zp19G9hLEgGj5M+7wtUvyC3ji+t+Z8K8rF/1FoEU
orC6MCn3fkzm9+poDuCGjx+OSoatcJks4hM+yTGbrVeFET43/7mLMQOQyKjUtTO9
hA0GIAgIQ2D2NmcRRjvm872ZnNxOWIpPz+WIFYA3ZL90bwkVUF8MO4n8oGvhUfSh
OBQkBIm2Y3hUsoj+YGi4IbHoz40F/EZY7W1K71VkZlfY7x6XrV14UXyRZU4FXUxX
k2wx6g2ELUo+mvo+ysiJMjT0qxqsatzBJ7uw32huT1F9saJtSZdxJY+UnI7iRbzG
tUf+1ornRzA8R/uQ2TZWLxnyo2g/6b2fY66N0fEcD+8ij/pxev1g1Sc2gIyU2c67
Qx2hGbYxMKqvyoG3LbUrWpn6r2misqnwOVCAEXLDhTiHIogLiie5VMTl3f30GvZf
i7GaAfisN67dgLRtDdXZE7PMC2QzpCmoEjE44yD0zdmrSjomAQOJf8Y7xmVqsyEh
xtztXwzxnlx3/2YaexDdktYlMi2jcW+NWLu4TpFGUQoTSpBYHYlVi1z8oxB7A/1f
cBhuvNIZY2KmG9eIO/zskz+qilXth7fp04gojVH82BnSPSW9QIw4mVHlH2DMYcG6
C1uUWB5tMkstuhsWWTfXsahvylemOpROybJWC1riNOZPYl6FlvaVlU3Z/Jrak4E4
VbheIl5rcOrecPwW1y3J9g2XWpITT0WDKG8Quhsmyb5RiTaxOCQuKbkwrdeRgiaQ
in0eHEfod0J6butJOWDT8kQB3c8/AglTgNFoh62/iGNS1NN+osgAEJ7XcmbMgs3X
Bnwd4iNnrn4iPW3K6lYxNEyz+kQX2eQS2E8mh7EaD7m7FIqmCU1zttak5RYPOXhI
cZCByAD0XuDAHHKII/K3qEMCR6xl4pR2hNKOJFGY3nXONbXl9JXrauVdGzejNoU5
RqFP9YT2OH4rZIwjbFax5VWqQZFFzzvorgeGR9sZ55Lqhyyj4JsJsgrqPt84H5oI
UAyXJz9wJFxm+oDoz4C+6mkIAaltRwxBiZ3+3dKtfwVvES0RhkoxktCMFPmmOvB/
4wkoTuKyOHG6OJJbtNO1IFgdS/gNmPF8E9IH/A+aCF7UxLQyC+jNOTCLYCcLrVEb
sF7s6xTp4jPmDrzwmwZhcaLu5KW5SzhfLzk5yKXeXrNAaZVs5lrYzD1jf2AFvR8d
TXxKrHbBTdgtsoW+1J+v0CV188S6kQkffuEjoYxh3D1pUokU/KhhnEI+jKRj5M3b
3HaoitqapaHFOFZJE1rtcI0pdeFvyg8r6m0OUrrZ5T5vfRVP8/MO06cb1nHAO+XW
Ap/3pe0fLullMShdpgOtiTR2HEPwd3yED0oroo681J3WlAWEsmrusn7UHrdp82zH
PGNoE1mQ2XUzZ985GZiQZ8EguOjWcCKPRQWg05s9E65rEmk0Ixp3FB0iC2jESzNa
yVfQmzEn7hVmF2vO4k3rXxVTYgvFcQkLoYFtXkvFrVH3Ap5T0l8Jf6qgwuX+3/TJ
38Lmrqfh4F6CvAvKz6uZSMy6Z8GrkA/BXJQeDqq0AeF3aat8C8YzE4v06LDmYT7S
Iwmp9R4DJI+ciTDToDOjukr7X+Lj9e+3tR+em01DwMcd10TNiJbDqDFdgVHeSXID
h8KjWPMNV4dA3jKv5qzxeO6kt2zPTyJWloGKoTzQdGyYoo9a4S4N2p/K5KxxjJKw
51NvKb2vBKAg4tYnyogXMejkcRPgy0i7y+N22E9AnQx8EmAWF1YA26g342gtbSI8
kj3YivXVrq6nj24miH3CMBYRNvQmNmRGAg9GLl7YztUtXvmcBACsq8RngUTfF/8I
m+HdCPY/tPFn4Sk7EuB44l04Vw9MpHb8IIY8p4+OFPc1pRhb+PiDc4vgmhAWaJVg
OkVZdKasdi2GMMRwqdMwm4n+3eVnFcKxmQ55Xmw6GKwi5Yqa6FpjfYKt5kf6dsNg
4lhvlIOJAvLK8Z7QlRgBnxSTwAQWcdcM3RoS8ISiItGbIZJKVMIzWZv0benieoH+
Od51xsULzxYrWSu7X/HxxMU1DpB2evXn6BvD/Ag9znn2tmlzupz7Ip30eojaV3U+
WXqlKeKm8hTme5ny583NknDVHZOcwruxVAVo5Vas+HK1TD6bDb7TUhNHnb6Nh8DE
dq4ck8j7N9eQfXAXWUfS3jzbQ6AIouoCeZ34qbfIQQmPLiWapaYmp+FB7fz4bSoa
2khcl3zF43ccPJo1nemQW9NdJPsDdkkrfrRImi+468c8zbh+reWCBN08PugVJXzn
eWgTmQAoa/82+OZQohKbsEn0o3Z8yjoV5K6Btqqn3CsQEum8pml76lHSTUPS1QM1
zJ6kVEIpypHjfA5UKtYdQzrdUDx032U5+A+3Zcdf8Noo3XjuZqedC+uHfjsAn+sN
NOfFxFc+MHhnM3H6jQJZGgRKvDG/cJvDXO+94HdCP+dXM+RkA6JkH6w8gLXZBXVg
MfZwIE/60aMiY//eM1efEGKKsZ3KUgLrmKvn1Yu5TR7lIMKXng3K2hdTmS4pWeBk
YmVQO1MgHigcOhRKfGq6ULcfz1rXgzyJx5aM6pxi7W0zXF8wG+K/ZYp1iuKG/3jr
jj+mVhzonZhp+A8TvldaYLKSjV/22reJkkFpNdVqcgM24FElvnINiVO8KmfVGo8o
NtKSTvI06pKkp6bZsXjhMFCUZAa3+7e4wlzz5+dSDAhbKvp1Fhjgworh4qK0QcvW
9Fy0q7O2xRoEJJaLrE8OykcK95AXiFz/hMDgqfAqGSN1ewwY3Lf87Sw7bwWRlRXx
IwGrN6QqoEI2U/fte+1vAHqho1iLMmaNBlRL5mtpT+pEdOhn2cXHRIL4nsu+3pd5
DrKKqXmuQPAEehokK6XUZzW4zhKzCltz5RNoBW2FUjflwRzYxznOj9yPLcsiczl9
wW2o5olBxtzCpr1cVGK1G/QNJFK+jSJCyK3hXGudXrJaVnY9VaR7TcM3us5cs/IC
aGzUtRz2e5z6OKsw9rMAJ80AbI6fRdzQgviVA0xhTTtnibnGWCehrrf+b4AqYBtf
UQo6BQZdtKEGEjDXIFE9OXmQAL+4JQe5pqcWgq88GSsFA/ypK82O9a1FgdV/9bdy
9+RowXZLBfd338WtndzI7czlqYwHTuoPiwVA5Md2+7Lh+TILt0/Lae9poruzi5h/
CnVdrL9aeTPcLPffl08+2y4eesdpc5383Nzph26j62bztER18mSL4hfEEdJI7zqS
gjJGbBP1HZMx/94YnVJcKdTi0mRgaplJJiPo1h7HpXLQ3PLf+egIDuUJqbBs+aCt
vMNqFuHFcXiHi//2dQYHnBLTV0cL3US+f3LG2u3S5l7xpnbuSwfcmKOPeAKNBg28
wZS4a2NohPDtP2gTH0ZutpQIDjySMaEHmeWJZc2uxlIrCRtyOz5G8MB8XPRDNYc3
IVjWnOySZhGC1yNRZAu3TZrm2XLbcEeYnfI1om7Ck3dkVEx9V9env5Aj9dgm69q2
iZW5TFzxdhHs0nAa9Mr+vMhK4u133l/LQohHCv7rabCUV979JorJka575BbRAMJP
P3MVIqRMWG2PIGMioq8rAUj05Oy7VEGgbl+BxTJVFZckGNIrc9ePlvxyY9zLTc77
BDihCweT734Bkgeykb0HTBK7xVtKARH8vEEVx6CpW2pvEl3WKibDJibzr3c7eU0f
KNSJHzecbYRYAD5yCDaZCAADhWzaIhHu6bso9wSk47sjrjXFACkxLjeICk2qEEia
99CtnZYGwrjf2OPEz8Lyj60LcYD7vZzIVIIK1slyn++qOuamzxaHuQrzyZ4M1TH8
qe1bMq4zkZgID9OEKTi6fb7+cQo8VIvhVBjz+vw0gyFccsVye5GKLt7qsUKOBPMm
oM24B/tlkwH7VEClFJGM+4A5hj0cNjWhjwYN0X0+QZYTN3tUuztAstVzoc7HIKc5
GENjcudMIRdR4+wkpVBYtJ/dfMF/4y5pNWDZkt/cwdjolImJJ5H4vXVABzt+QX00
YVhRCxRxq1yEVxII+TfS+0/bXsFfojq9h3GBhHj+7kRuWrB+BMMQDneWLjg6Wuxy
RTeZUfKC7VUlEKLriV0EuTyP63KXOt9VnDNKwDTMiFmmMZj4615TD5WsZxer+Blf
fW/IDvTzQysxcB2ykY1utoQvVNKNh6E736qrAOW/PpuQYNzuEgWnPn/+VkBWPhjj
6+EfIL0tIS8ug5Z4aLHpuyMKWD1gZ6ZRPHznilxMXMD+zfFG5P9Q5yfKTfPcrrij
F9Hj7GtE22l+e3pVMzoNbVV/Og35IJHRkigE9C+ZcGY3vqtXpmhrmG732NMMCvCa
wBaqaJGyK7vrUEWScilrczCrR1ggZqqds0HRQeB3zeOJ8+VRdM7/DYY06Ba6L1N5
hJaZJNMipdKUo0B+lnDS7go1UFHCFZU9AAjOrt/lWxImF8k++iCiQue9Y9YSqSTn
h9pU94H4ZSSk39ilC2UMv/LtUNL1zoa5fOdDOlr7cDY1R8FJe1z8eLNcoiFQRJUT
H6WrdbB/OCgUWEtpxoJieRkgKSBdnd6Xba2WOpwl7akxA8GOuDU6fnDLIhplRCvF
jqRUKai4SfrNeKGOm3iHpsxW5uLVbqGCUcEqInEDlqJoDSor9z/A6h9q2zeXriJx
RcChGfiSwnMR9jqODMbFlAP3uVXWMOQuD2okqLrcnt7Meo8btejOxFEEdiG2f5aq
HF3Px9k62AahUJQBItAo9ejjavTncX945owPzOpQOwkoIUYpZ7kuMrdqa6LUTRfV
jCXpzxUs3fYAwnJc85mgoTQBFT/rrTabtiER0Sb/I6bC3dTxYlu5UPitZUdRlP73
AbGhfoP2utpMJx8yvdV+PP8UZZ51L9cgImn4iNu2/7cI49gemIOs+Gq358VsyqVj
KYg6VJf5eZKj5sXcWE4nTMOLjNPK2cJfIko+zPRVMDIMe5wwFq5LLAUgbIRcP4tm
MhchDc6cYW081DOnLbE/QIGlhdYkwOZIVI9go+/0/sv/bm1TUQO7hoFYoiTVuxbD
PbzQQF9pwxQGiBIp9t1zHeQX6WmdSI6S0koC8ymabF0Oz+KHyEgwIEo5XXELi5uY
DLucDwZQ1sxsTrjNmZfY7i4guMI/6gmC6WfIUX7LzXvxgnqRz2pmguJm83/KY1mP
lonZp9N0cYsmZ7jWsUr5Owoabnrj3LIYu1jRmJqNphb69LGfjigO6izGllrTl+vV
cUC5y9xyPNRYY5ys2cOpsr7rjb855tOI0D0W+EEZ9nBgQg9oFM6RzkuXalBH8IT2
760dkxd3SGAd443dwG4+udc+lcYCfVx/zGiozUdRodSno0BWvEo9ECV5oGnsbkyC
eZ6jOe9txPOHbnC1qHU+MFqk65qANMeyPAj5lYtiMnatM2qeVpeqJmi0qC64gpct
VBnFj2cH08VNxgdflvCDTf2HwpInGKgqFA02vTmd5WPh2xOLCNcQfuUGJaoSO9fD
zi5kk2Q+uKsfsz8IYeKWXBASuvrIUlUbpA8oKpSCBdbGWHFdf8nlnUmqF4OhlEOu
bd/XvkCArZ0FCZUM7TIaSUtJZkNzTHKjf2lIvBHcSAA65U8y67WmXlggx18ap3Zs
qNfHdMUhbp8mxrzggm169TpUvL2aAW1S2U2cGPQkDO68ij9uw/58F8Fab3YVVIFc
Cke7FrfxFhZZX61kphnqRDkgrE3I6B0eu2JMJHSPlhhiAVb0JyNcyBOst20BS9WU
fbiha2QeputNksJiQ85qAudWI01rVjYNODu7hqozQPDBY67sxthyXMT7+/WHl8F7
jSXRlRXL+UXEg+2ogQXO3nh956hc9XxikLnBdgV3+pMMssTBWPDiWBcEyTeFrVbb
6WDg/wBhtGct5+l39NDFDe4ecIrLRL9sW4IW1tVIKH6n0vH6Ia8TgYw/wZM9uqou
5VaRMVaXySbBz5TCEtRuOhswoq1GZ5a9s6ANqwlYlcLrkjyJNlRXhhnD9cK4CbV3
IEtvY615fJn+WI8CggDx9gnZBCF5HuZ+fIV8xbEOS1SHoNoL/lytqSsW88QToi1t
/oPfkOzEHKGqdau4RKq2nsd37cyixKc5wOn1Y2W07faPilo5qg+Sg5pDrAHq0QrP
NOvzrbDJQE+VcDxJ7X4m4SL3RLSxCqfZiPZqu8jCLwnjek98vgVlPrq4+GIcraFp
a6jFMEUE2MvdoKt9z60i/0UmAuj7RqcuY7jbUFnjyoQ9YfaBCzjHAYI/feUfBQ4I
NWsI2VWJ/1KKgBtuLXzTN8YQI1Od6Fi2bsWcZrObXv+PAdF9Xk42ETUiRLUCe/vM
u3/y23kGOzrmPFKxciSpdN8ylq3/nsr4NBrZkKlwleJGLFjc5wpDtx9zJMeRx/G3
QkCxlKgw5jiNkMYO57UyPHaTdOlABQU0nQgDY6Ry8qGgYcxIy5iMYCoMCEDaCFiI
PO4K1qnrUrnlfOzuxcM6vquPqOXHSZVTvBfk8qrq4bz6lCbX1YhSivem3ngwW/VR
XbC8lVyEunqId/OPb/reCZ1vkLCnZazgdfmzcWH2fMpfWANfThWpD4LZUeEZ4GTl
FzdDKOqQ4qfVFwkCVC+D7iS3i6UGY5bZe2x1ROmDXrE1ofVo/NZaIigEL+KeRE8J
aMPr3Y0BcmepY7i31XVs5zaeUramZJV9VmZwMrF98GF353lfic+pfMvvrmGfpvzT
1712bgEIXlsxEFE+zRhfIKbiubkZ6obmR7VHlCG4bPOaq4CH9ziCPdKz2ZonVXgT
xO36ChwUG6o1EEXDijZtl41l/842H3SdVaeIhvw9DGAkX9vn9Iax0cU0IOnY9Ui4
atLMKD3CBW+L1YVQchyl4TJuh7JmwKk/yxsZ2KjSbycN++uneXWUFupuluVEwZv8
66txxSyhC+BMa1hgo8WGwJeM1OY+MsMNubHoWqV3bgglMNkbGdZndYqMlpwVPNMl
HJj1c+OYhc2CI8fXD7y09MyTyiiX/5d3etJOcuLubDGtP8bOefzZmY0oatirrfy4
xNnnDRKUSZHlnBsW3LrBsfXKqeipLHZQzKVnGHmRBhREuv09uOhokTbo6+cAEj3l
ku6Ew/QkuVbHYuZmLkCUfmTY7kdvYyT/Iz5ukkmAAoci7MfH0KY3f7VqL+HsqRI9
l/7zh4xDSUAUeMpkJLNM0VKM4bwlYSyY+8Ht7J9CfrwXDffqXbm9XrSd6Sts49xg
fE2cN8xu4OAfwpv+rR934m9huKxtSGBnQ50wbia7Equp73/8pCFudW8kGjx5jd4i
WQn71i8+MnJne6VELAXwgysN0y3JKTh1Yhw+ya/JRfeZSnENMMb+Abco3gO6QayM
1WaXiwFa5MIZSz5bdXtxjcDFV1dPT07Q7M6mG/1Fb/HvePoTQmb1Q0pIAd0KWMD9
SIH8nB2ps6b6ZyUczDpnxOfAkH6YIbCL2bxIP+3PplZoetRhTIqQ1kMhsFnuvvjl
2h75tmiqLV/PsAx9WqyWTpcjKQfXHwGfhIxy+UNIgsOVHVwgANRcA0jh2gTwI4Mq
Zde7ps8gj2iscmxyzojAJw3HgFopIuHM1olPaYXpoNx9uMEBR+V9IPVTblZ16mUV
TWMA+tHqeHvOpTo31bJd3gx4mdAobjAv72++kxAgPbMcYnRFp9awqE7J7LdDWL8n
qH+urPlHcFqaJ67SfaNZw7GpUY1PcvTN96bdo3Ky+ZfOGg4sPCG/H8A6l/MnPXMZ
2fJDqtsHdt7RvnF4n/+wsA8a6GEt1hwj3aXKF+EL7NtXgfZR9xnmUat1wzYdEn8i
2Pkzkf5v3fqUT1ou2m1AnqxPhSe4he0l7Y3ahi6AEeQwsvlnu15TZyo1ddoys0Vo
L2qYc2ITr8MK59fxGopqu8O/5CzxGS74oDuk192be/v91+VVIShEtopnclWHid3/
tFsol+p42JSqyd2GpeHCg1v86ZTh0fJEUzVjVZY9iKiFDYtZr3XfvjrQruiIPEad
pJQcEc81I+W+tcY5tvU2hH1oqLSbzkLUANgpOnhf+1E++2ShYN/KorFyPq4ccPUS
aX0oKqAhdPdT7hOvUI/6NjN1Xe5sfKlMbWl7LFVXkgp5Z8yqqzaccIvFKmBCgBUR
TpORxRXZLIL7y+cAyZyrm54Cj//EkjPS/0sQ0b2m4z/32AMYsfrstLSRcnZuxDzu
ahKikxDKtkTqE1/RKf8usKi2QREXbqsuzvzmV0WL+hR2Qkxum+qVWXM+9ZOCMm/V
6k8ZmTCZecuievL+h/6rnq1UPuH/dftD/XfiDyjUgdlwY5su1aK68461JoOE0eRe
HbgO276H3/4eomdX15eSNTyl9meQ6A57TjH59gZgrq8PpXbQRVEbloG3ObBTkNl4
ALaBJzme58xtJrU/a7NNXXKGe4bPIwlSr6hZ36VPtJ2Bqd1F89vzLayI9PP4ncy8
C36OEjavi7md3ww11G84/ZzJQ9jDP4It8ugEgB9aoBI/OFMNDifuyGVFH2thRL6F
LlVKOXIAHfDP4E9Fmc1N9UeCbllMm658+4gJX7y5MHi7QYQ96Zx3tD4WN7GN3so8
Q6bxDmpHudOy9D7djMEzqpJ/NeH6qv4OKFNnq6oQJJzucOqWxZ0guTiXrxiK7h3J
9A+HJzcMdjpRZbRctGRmDWaHewlRmvpHXnQSMV2ydSmc7EXH4enDwtinILGd6NsB
IX026xULKS9sHsl4K3ofq9lfbZAjjXf+y9ttd2LIevIbrRWorqWm/uCVWYchtbbQ
ngzQKr/KTqLqmQS3Wk715VS4E47j5ZQ6OBZVwcrWvoupgChtYx4p+bLH1q5cUVth
gDlhV4k9EcMJVOunVPa3/IwDlGPkiOBoFYqlQXPVvk25BAW3gSczPf92u2McZ+aQ
wxZjwn9xl8UJhv9q5dg0EoVWbILe/NqTS+wuZZEUXb4FbupAY/EbtUNuspib8Ek4
b+89AlCETjDrmY2k6wF3yhmRUG88AEaPqvQC5avkPBMxju1YaC2fAtGrV7iQ4z8p
uVeZ1uAoGQufJb1mPKRQ136qOLVJj40g/N2aKKYM0WQdpkJdVPlJr0AImwN291Pl
1c/MJzaPgh+7JKNlixevNPKEVMHV8BRMKsHzBKvqHd9cGuS6/gbu0mvDLEosLavg
HKjbMXzo0kA1nq3c4sGD1/1IhXlPQRm4rySR/TOZCsckJQAkHY9w5hu23/itz9t2
vd7RGIjqjQ2KuE8TjRQZEfUeum/GJDjvce+l6bx0sSNjZe4RqE59knaK1Dfzo/vC
8/4/wmygCnBOqyFZHz6ElnAT093kAKaQPGJATls4VFX+MfL1UDpLxnfQ3jDvNRCQ
L+Jt8AeNN17Udk/oobeicyT4oA9mGfS8ulDjygFiX4bEwx8DKKFRZDcqzLXhgo2q
USWuOLrP3DSql1d65/mnJsV2/wXeDxGatEIuT97OsgdiAGNmDr/n0y1YvItEM0S3
aeXspRolNRtpNCgKrXOz5ryP2zaToxrTtHIcXD8oI/G06Oxo9ZmLjLKHLnJtS/Zq
DgQ0UZpj/JKrzv9HDyRKbf+WPJuxKpMlNKciP0HrS9EIT5lAeUuOSr/2d/uiHg7G
hQ7bR+MJW1CbKFzdDOwp88+mhjgUsyEtXK1CfgClbF1pyzpOBFuAt2tRO2YoDbOM
RzEJpbFe9tLd+m5hUCSIivJOwqWFLUl6Dj2AK91gznPT65OI36KopOPsIa66Yfc1
4t+gWMGfEWIFnVcWH33iZZGTuP6lneERhtkXbXG2Q9oEJWg3QlDu7QgH2uyo77TS
/uc5uueAxn9Vmjk42VzVEVRGa6RjYsrJ+02CpccnzzOUvi1TOzA2Sds0obx+7Be+
AX8o+WdTEEdOP7dhSYvPLYh3gVCfhHuf7UnEc1H4849gcaSKJbsEao3gPu4xzyki
eQ/+XCriNo0gzp9zFqXTnjr/dEsJ4R5+zUZCRVrzGesMTY1rk2lF5u9oHPlNPq4E
m3QFuZXTyKNr+OwcTwXO7fRnb400f10XgiXCdk9hbky3CSc8xPT1FzAK2RqpjUt5
UrWlSkrZPDDp7evGzfA6dXeL2+YuMnVzgnUjQ0EzSeBVt0XLvmXTBgYmVkug5YoJ
4SG0CLu+ycuI0yoOGKSDwWviLSTSfuHndSI/essSMKvcVW9W7viIQA18fk0d00Gy
zb8oajk9g/aF7nhV/qaw6+fV1FBJyaIBGwUP6CedzvbYfEUa0GvDhXvBluFrmwKZ
Y72dSOkbfWRI/+PXnBWvHpzDTZK4FZURr4otoU5tHBXisVE2U7FeSep6KWiGA8x/
2r/+jczbCrCrW48OLgpK7IW6ld4x0P7L+dEr7jzGeqUZRCOmPxQdge6v0x1n7fP8
ML1zHgBXp8EeF/MhsELdx8wv39HpQIggXDFIKo7LBqAInSD9XK2KYE+mxaODPkkf
4vpAP55KULpES5QP9iRvnZXHMNRlA0cGZID1pBO2TXHjitQjLcWKCzmWlQj/PoYW
mwfp1u3DvWSNiSe7RAqWiR87hjn+zTpCzy1p5Aovzlk2PxXuzn/bvjkZsW692HuA
a1mykeadWoQu0K7LNOXfkrRTDximFYc79AWupgJFOWHO7fYzltvbEA1mukDa5rYe
DMYr6rb4f9Tp0TzxRtxqBZSbPK23ygdyzDwxSVU3AvpbeZuVR53g2tlnXHNLBpiM
Daae7caQ1VZW/ylBn2AZpOp/BPatCrvMNfJjxbnDGWfq/05eSUb0iyHYBPlwHDz7
EUdzlsfc8aRwZnMoxQNaor56GHHlJy4Z/qY13Y9iogVptkn4HWmS/zQGqCJJvsKB
PKQNLz1YDMXbt14KbQA6YtsUVCp6t5gL4GED2/MdUxnYUzhGdGTMVQY0BPKmYcug
rVMJ//e4V+dhEhrF4MKoi0Uei/8Jvply3pZTzb6VE2VpOROEs2oJ+IhKpsgimC2I
npo0MZc79bxAzDvX3YWTjC1dU3CE5w5DqY+oazu5P4unI87o2V9/rtzZ86TJO3Pt
3AsBLDXdMrSmf0c1ecV7yyQG3iamuYIJpaBn+NL1hHCgr4OG7pdqf18MTELqJbss
V19AWn9FxRB3BRj+id4J70IFKBNdra5oLWB1exAzptXBmyVmNFtAyTThzBGg+qqZ
+6n130bCHa7aBE6P7ap2YRzC0WgJTKbRhPcc9clppNP5EDaUZ0QYWSfh5txPhn8P
ECtespLIUK4jxV4rWvVAuateVAHHvUHdxgIvpUpXJDmjaA7eimSnkq0MJw6tTYmA
x2Ze7rQwKZTu79G8KXlfVj/Jt1ekQ8E1DJ/UUIcdNbj3x2GFutNRNPXipCDMVsbF
9UxNAEFEZlpBFfR04FhQJ7xa2K+Q5BfGbT1z0+Yw88pcQGaoA6c1PzNFBhKayY9X
uQs8myVSw0240BrZT7jszmaUHxPUzEcdRYK/ezKArHKIsruo+Gvx1nMm8RhkvwFt
YtOpwA/54KHwF5BobPK7Z8XdlhCFGprqsqmelNv1/oEGWCVXRxuiWNfzdvkf//rZ
QlE02HnCBIndl+dH5IawuSfVUPVtMY7pDKIv+DiAXWNgGRZtgyrJ0UWI9PAktRDu
FFp0lFThiPKXANmDV2nctdRB8uXu9gKHXpDBcbDsiKXQ+MrBzkb5ihI2k8XrE0Pf
qnQ5FT+dnUdr571Uy8m4p2Hj1jMMvbTjYwUO7bCp69t5FIf49gObJSt2XABaj2ST
qZyoOUMNEZ12vZP0qDOhR7Pg5MnBy1OvIhKSLn+ZBQ4FrIQ6yxs1BZc+2nP7BZUc
zQteDuHQMooE/Th3Pjq29RhGUOBcW9oKCvMv7E5YL23crGBr1vJVANGKVwkPHfUw
K6dHaip72yY3YnMacNR1sIxfUVpProBD7SqoIeYlP/Ishp3da3M3G7C1BWwp6miq
X2P3Y5C2A2Cx1atlNL3KHwbR0QSnJsAqc0dszxAfdtyPiixrBtnmBcDpe/YPX6st
LMkwo/1cNeCfyt5ctqr5RZqN+aO6+3HxMwmUPk2CP9t0bt1KgEaCMf1XYSL5UoXW
S24eXr0JWXJ6MhPUB44E/zuLfBcZYiDphmPi2jJinmU+McaGqqLB/rebYIl+86/i
SXdGRCU5IVWBx4lOu9BsZx+HyAHXKAoT6CRTR6bNylfG9/9DaCjkficD7mesqYF3
rp0A0xRE/6P2Mt7Xm9aQgDaGT9fvZIMUnfbjlMN4xnC8+lfTVIDenWJ4rZDha4ZQ
zG27RxkWeXs4rwUJX49QvnK3TVZL1a27Etr+Hs87RWKQj3etafCHWhGPeoRzWw77
9J0EnUi8gpCKYb/IsuxyUHPeaF50pc69ZN65CNOtBHlQIgGN6fzckftYdTWBIjPW
qwUpyeDVMrw1dOjfmArxNZUswuae9wibdUwJNqh7nBC4o/W3QkMreNlEdhBPcRyt
EDrTcQ1rkO671Qz3SzPKclmkljqlnWK9wQJlQbGseutcOQ07Iosh+fLPgFbpvB5L
9WCE/aL1TrgdJLEwD1vvkdr9PmPjuZRvneU+AIi7WH5TcEvHpzIj1s80+geGeLmj
Nw1TAMixENVboOg7QGnfeIcqbsu7MajxsTD+wLGiIglDdrczwWnSPrrkTZfMi4fd
H0J98Lg16KbEBPZwijiXDJAM8lwxdGILk6Ed5WUPa7ZtZckp+i942Q7am02n7hVP
2dEvYcrh1Fo/nAalWGJ9YiA2wiWjonWWzTSzT8f+BG07rdrdzputFyuyMxYFn+9E
mni8Z2HLY8VMjEs6DSiKmb/Gcit48TFaWMqNbPrgUhYVcyN3eQnDM0tAqPQX/jJF
85q+8ZLan4KaCx/yNLS8mvDw28TgX0NWnmLcdq0YevmBo/kXnLU/nIgFL1Z5klP3
mOAfm/mcRBaNHOVJ6YPmbe/gRDpQ6VZ4q2EJn3Yr4I+dNuH9Yvo5tB8Yg20WtIct
98sINZNp4eyCp8q7jdXIFqLnJSXXCbnH/pq3Dd8wWGl5vZ0x4HIGrwxej3ewqbiP
GDT72Wxbq1/I8V1Dmz7UYilIlCnsKV83OGd4fDcluT5Qg8yarHcS0/Adf7+VTwha
ugEhbg1jFUiO5asq7IJpuY/xvVQbuso/FizfZzjVJzVy0JfpzDEX6DSTiBm/QZkn
J93a5iJpClBWM+ct6A1BRinWp+zgIeCpNIgmepCdrrkO+ynxVdhk8Mv3bAoHEOGk
M/VZGNkbD/latvV/ios3Z223vli5lNvC2JwZqP65sjslVVfUxeu6KUY9g+yg7bvQ
fZDRQGmPJFcrPBFj+e1/MxYFvjYuRR2oD1tL/RBq5nAqib6t8h2GDY5bnXpuuIJi
oNetDLeX3GuLqzAC7pqheylOenK6aTDLaoCgTq6G71Em1FNiEjESJQer62aLg3AB
lWYaJntO1vre9Du5WfU+RGs4dO0mFlpvUc69X4h7QyhXiU8Lwdp85WtONi6SKM82
nJ9wbsWHeODwu4kzFYBNCS6U97xofjyAt5qIE/sfN87/OFa5nCuOab8nmEc6xaad
R7iNT8S3mvx0ldY/wrBv+R23DFxj91xSHcDJ3gQIVPj3HyeawKW6TRnytrMbafOm
dv0Lb20EXIwfPwsK2B0tp6mvJMbE5cs+K/BgpIx5VNYNc1iQbYSS+dBKXd0x086v
du039mPo8ytl68VwuSX5RO2oAL8O3meBhXq2PtNRF5N0wv7l3rbKLCE5nhAE+3ob
KZ5UGfuU7EeGsc1hG9GwBK+TRtiANdx+aBnK7gkduWZzCRXEfi8yE2qsDHhbz01u
WQ5x1GJ3EPfC6fKy+SabnhSF2sq0bTCYU30H89V1AfGG8z2Doi2PDB1n1WA/VWaU
gt6IklT6cFB+XIuF6k34Wtit8OTogOeh9p+zOgDosTEgqFxVDNTE+cQf1/tnnjy3
ZGOK3Ai9FXB/2WPm1sSBE+otE0KjifVYwTqoV8zsxH9OFVhBGCzHcUd3vtLhiCmX
h0MnSkrt9ZbluCJ3GWCvGvns6BvMToJcCLdemAgnofBCLfHdfRzNtFo66Zxg554q
jM65NC7xtRqLMBA26DmgvLt7Bibp19Puoho5HlIiFmXveYXuo+K2hJkNPYC8PeBb
MEVIjq0MzJnvVDWNcuKFGq8ah7fpurtuCf90FPBbJRh0L0QTRYHFedGR+meWSgMS
++OYmrcMWTo7NLaxREp++Pgcr8EYmqnwt7JGGldz1wCG7x/hakmJnCxMxwbBGW/X
KB99uLM7sye8IP/JE2SaScdNyY+8YeS4t9DzabHh3mklB1zoMd1u0QMcktextOas
BxnpFZEPCWqQ6ouLaI/OCjwRf24+CvUt2ObXooyJ9SeO02LcoJe/MOZY87iuWdET
9IXcTcnTygJl+m5J9leD6yW4jhOIfAwG42dsEtx6JZMJlQfCsCKGAWCV9t27ZPCW
OXvDsu5WIXvL3xGoMCufjw8vftLgJsUTGyWXWDwbVtpDkpqS8G+hqu0Pmc52KqBP
6SjKe61h/VvvON8UPsbSMx/1Yqx3aD/oIegA72ADUX994S+m8dAx0Rh34jecZVIQ
+LpoPwAFkBWfR0uAQx7DEt7/yyU3QCb7MMEDoLUzuZvQgKHidSzarjvmN+hQtnDl
YnNCLpxyi7+QnQZWMtINtFeOL/ejwtblZaLLeA3S7k639wJH9lt3Ztcy6jgCF0Fc
Gj8MdHwZ6UQY/oCsf17BkDJLxaruz4I7VHy8e7jbe+byb2MQOAOF6BEGzazzkDDH
gTYAnPXRv9T+rJtzExTs5la96bDVv4aW2qGY5s5N+28GFPZBXQrJXh2ZD+HbQAGQ
kVNOxmGMPZAqbHilPmqNmAJMt8z7ZpTu5jUjXafg9ndc0XRAe6IH868gQd5vrHRN
I9VlBopUGYZf3ZKXDRH9L3TY3tU0CCrwxK5YDgdlHEn6VvirRzlOT3YU48Vs/W4e
zFJNrRbTI/+8z+YOEcWAflJl5lhYeRl0/u95Lyu5kJ/LmJlGcFC/5q2I7Nsykn4s
ch+/zi7E28MfRrU5aHNvwB5B/ea2EXBUVU8Dv9b5zQN6Et63Zcjl2nxXKJNaInpZ
7VpxgPBEctkmfRCtJX5gme3alIeV3IOxBTvaytQ6MFwr3RbnaNXkjvR4uz9qI/bx
2ExDeHkeu6xsXPXWjIIz8EjFQQK3OasWoYPMCRtc/RPK7pxYyIRfumRb8zKRcgGQ
9Ino3WuA2qdGB0r3nzwKetccFg+HQNOG2OYKyaMyMx9O7zzE1SmXqkaqRIu004Cy
UrET2/BXOgDNIXvlfqoxkbO7XK05wmvUuSYAewYNvjTWFrfq6ArmKSjtT9MjuJOm
F2jJFQh/5VibMx149mYDGrSHJH8XjrE1RXRtteU0+KiA3epLfwD9FrUeQhaex0Ca
WJrBvo9nJKCIZ+YH/6SmnWFX0GWAWvJHJWmPH/Fx4+P4s/EzWPmUwHE5Q1ZkTci+
1e0HfeUt4uUxShba8ffPrYfPlgpPV8w0HHWcPJDYXu2I9xEITW5KLgCW8mAxb9/e
S/v8jR0nhPiWBjPx2YBr4E2NrPiHl2pNDW0sV/CtKutdaOtLo4afGHxjspaF7L+4
lYOjpMhEHxWF+zCiMPKxEon9ZTufrb+1ll1Tjikc6KG6DtETOaXHqpHoEj5aQVVi
8mMZBPkm5T/fWaR3rstAWrWdcoh2ITcGq2+1t6L+CTRT4azrm64mSv5bm8ABJHR8
DkxyN25KMNm9+887RXvGOkC/6SrvNO2pBS6gxafMdELKEhOpHr0qRWKeyQb8/iJ3
FsR4fgW5s22XkuFL/rXN9eTJWeM5U5tMrfkz+3Hxuj91cdqfPTlvvM2nm342QdNa
PaBmBxF3a5AltUhCx+OFSQ0pxBnB62duFXlhVoaBVXpeN055xMjKCd3Fu1m/psmT
TbdRRNONfK2tvfmo8h5O1tUQCxe6HmRByDeyk0D6PcZga0VYKDBe+Gs6KfeSWA0r
zpue1p5ZGHclLjMIGcAuRMYe6IFA4jm51ZaTEqwN2Kwn1ctmBg9g+Ifei1AFdKdo
emYbrNVZm34XsX5tiCgtptrdbm6svNYaM1rtmTXDeGUBNagNxGIQJyssCihi28nj
LXdLEyjqzENdx3n+9xig6/8i8Lc/CVk+oC/HM0ZyPKo2l+V9TNlEsmfJ2LVLZPRE
hMVzIuHw1jkbYfSYKSHpqoRTZKM8xz20dTQRZRfecbmHnw2k7n8VlCn1MKVVOwfZ
AWfNGiUjNq72ngw/KWAOZE0GAcwl0ru2rriWW+uzmRmlBXNqgRvWpjYk8lcckGuu
8pb77B8LxctdIl4P6C4IoWgKlX28VxU4dWsMVxkpZxlDqokDVb1oPr5H4Ya6P1jV
B7DEpsHFhvbvCM1RelRP913Gb7gGUDRvCvD2EXPZVgQdxYPP7bH0FPjHzNLdU7uo
LKcOWwx1VkeDZ0Sgh2OR+XIrUHQsAqHNX/s5Yo5Ti0yomuAYohnczCbdC4mGGzjj
7pB+bLhSoDjB58virteuHkkGFWx2BsGGdGG/9DFstB0DwsYi2mUMmRbIrry1aenY
v+0w+/Sfc79LPRrU8OBi9AcIZz18ViW+0WS833BLwxlZKCB4+ts7M0vR3CQlpXjS
7wtNJ0MxQNKl2JiVsxo4VaFUqVm1FGeBEpqvuZwLvI9Mvh5pNYXpLQE2yaigimPJ
rbepNxCCtQTHcmgQFFCwjMXKllgpXKKe8kZYzkv8CI8/XgNAfh8ilpqJPS8o1kWq
UU7tIql7AYK3/ptmae2w3ONxWx0GfzexxnPTAdOOp4Upp5rXmagaK4ZFqGCoaY0U
rBSuf7W8dFEXS2g1+1x5IrAOoU4wGugptW4yBq7QxQR2BuqwsNIy360e+LL8Ct72
x4GKi8i3hZX6VEO8sugjV1WNq+pGxuBk4uYsjJnWuoyVmGZtFXnZ44Fws127iF7k
gzTcY7e32x6/puN3Y+z3MYYXVAzMoDhlXQsYJ0qoskHG5uKNsnJnL2q5a2Yn8O1+
MtOjTlw7Gh4bB1pEfm8lUxKIu1LQP6a7AcvvyK2xLBTxYl8U77whCx9SXG09o0Ju
BsAh8MsJH5AofkpsyjK7mig73cXsXITZWXYzXsfuioHl49v/0sH/to+6sdDgUKfB
0KPdbqf52iQ6p8fgVEN8E0OsH7lVPdfXsJA9Emz3EdU8TbTmMQPUd6AVIwMuPjlb
XAibtbc176zEXGw6UpRa2iTwf9G4TWR2qi6NoKRcwxMxTqiviEjlHqwOVIKnxUei
gfb2kUtv9mT/N+/7FggTC0SWB6yqZZ0WtZ+pTZbXdKGqhqio+Jgs6h1CFQxxoxck
wQfyPynmUzIPzmc5RCZgaXmPL6Tb3QMUu+hq+4+MuXIKQddDpQnRxpwK9ZYFGL7d
tg/am3lLuNVBONdcw33z5CMScPcLFpzZJWcj7fyf9kUKT3earoV+bK+3xFsQPpgv
Jxrzo7c5MFCJFQ7d54n89IjeLgiFxlfdsGMwAUl7j4b/lcUAnpzPuuYLengOze8e
MyIcrACaGoGwodW7gNI8qHBhW7hSb6SDoyI4URoATtEJ5peIuESHtkR/v3iNBaz0
qozPnfS8BERSZq0DA8eDdb/lAmUGbc7zP00e/8fGAkG4Lpm6NW5ZzyHTs0MTGi02
J/PBRsJoWO/oozC01ifOqXYEBhFQxsNEo1stEnGXObVfZaiBefsmnzHklMGuBXiF
Ui01+HLTh9kJcd2MBwTCZhiwq7ENBYLadwwC8cJGnpMKCNgcazkuVGFgzBYlUwMB
/OWXfwmJHVkHmFzTc0rFTu0pw4v/ub9pFlRpE4wG3lGZhBCFdBTXPlROHaCJ+n85
3gFBUuTPYuvAHcWrF6AprammjE9PS06nQDtBsNZP4q74ZwOP7/wfjHao9nxsZzNd
lG3QgFE7QTc6ufa8RMw++WpspvQZXwb6fKiWMgbqF6OgVmkoU8lW2ldIkNvHtcJA
jsXG+/+KloiZ6Ry/WXfL1cIzLuNEuLxx/f+hEsepDC5m8o+/LoVdsXgMzFG/RQ+f
2uir5uXsEqdjkm9h4C5KRhNLOJuPmV7uAjBp1TnIPOxAwxDGNHlMaDBo9R9/I5dC
A5YeuEG+voVuaBm3nGudSGgfcxn1TYkXqLlfE+KFRAC3MdkrISQBk2jbZCD0GqDw
2OVE1CXG+h/VOM+LDCCKRespTrZwZ7a1qYDAuWp/ykhxLUKrfQlXO5UyHaViPbcU
myr0SG6kr+aTOSh7xlI6gbqnHw/HcMlbU1QR3PA4aodqrpMVC2Q1cnNH4Z2TUGV2
G+rUG0EOROK9oJqsN6s8AVdP0KPPnsU3g61pQ/iAOY9HKxzkHo3W3BotWQYXajvU
Uv2pC75mdDz7AWcKy42WQSBlehmIYe75MZaMqTtZqdxriwgtj98JfSKEnLngn4iv
c9uXHyhCcOHPKjY3JLu06gwlyN/Rngsp+6kAVzKUpzb11wr2zYA9HYv+Bo6kV9gV
pcTQLj9fgdvRbyN2uZbgjxGlYOK+uwlByn+3HY3l5Tamtu16N9WK7J2eMigW9BxZ
1Wj81TBnBsKrezQ7Yi//A2oQn+0Ogz7HknRM1UNX8BhwSCG1RuBLCHQA1uB3wk1K
ivYrjmy3kG3sBMAAstfvFIikgGbFfR6eJvUadMzVakrih2dk8CbbXdgXlBngIo5H
GGK6Ogd/BwYO4RK8+vu94kj6kSJdKfdkKR+oDWlBCcmEnLpGwxB9CLJc73BFBzQK
3BUiWS+44EWf28H3l0b5urxHDFGYBKFXcaa02WKvUqQyGtKW295UZtqx3Ny1k31I
oK07QQSoRCkLjzKDEQjWLh7oSTN8qYq4DyNQ5tWlLltVu6GQt4Kt+KAwOiad7xdo
7QDt/GW9cPx5a41mOuTbPLr9q+rzDUmTWPKxvtfVtAt2qk//C4w0lecx5DurmFVg
WbMbYCUdw50Ad6SPzd9q8b25kSa9b6lw+8t7upMMFxPgteAKA+CXivwfa8R8Qto/
kHEGsduAd0K/+OdGffKOTy4/ih5ltWfIY4rjtPezWW25YACOhzuqLB+Qzq10hOM+
6Y/9B7e7Ofmeuq053XwrZBQtzyRoxru6aBZTnItTDBVhcroo9fucP2Mz2xT1hGlY
SxcvJtHlNHxekkQRysWQErwYqdN0Re5cHALyuIjznfZ6t5+3YpT5PEMXTyCJHCjN
Y12a8BH6nxgfvYZ3TY89RqKIaVrPCSvfPr4Q5uqmv4SDcUALdRx+ZGikaQ5wjdeO
Y2pDv9vxN4S7Z+8Y1PXEJ2pkRy6TJ5Nn3o+Ul9IP1P+04HMo/MoaW82c+y3c1GfG
KpRwur+MREVj3yNHOX7cPCynJTjVXmTjHEHx5uiSb5XAFPkMM/HC0URirGViVMSt
MAKLnU+udaES00/PvEToBRFuBpF2yKaDQWKdmogkGDwULjktOh3MwO7B3aMfIre7
qD80FZkK6uBWb3w+wIDijHMBOV5Zu+ZjV/gbvo3fCzsqvBS0H0Jyj/XyaFxn9ayY
Z3S2TIt6clRaq50duLpfy/lQppN7UEuSBnK6kMG8V+h6v4ak5R4sLy8qC3V6+/z1
2Jg60RDsrv8xT04weiyskEZzp7jYNWOh+ielO4KHXA/LBwwj4X43CmqswBXphCqI
zSpMUJ2jAve0DGJgNP2Nc0DJaKJ1AVMjr+RaHOJYPFJwoVR9v+J/cWGRwV+UamVO
mb5UgRZhCCXlPHqFso/hMKWfdbW7NxcecVms1/+QoAiwg/ZZlTf9stKzn4t/X8/7
YB2RyKaqUjp3Ff+Lw478qC8PDFtLYhJZwqjlFj57IkYyODNerXuLE9Do93Bk2dpP
nkFRQuTwwk+LnTzQ/amYu5Zo09kNRQL4Pr1updwDfYDPXn39es2woTCpwNm37LYY
b29oxKOO933xgRFm28CIyjt/QzgYjLQUsihIVMzRVrIV6Yt9vGPBCR2BmJ8+nu6y
NxYIpiG3bNZHws80Ayd4aK26dlvWx6voRVmPNb4siWOWKx7DqPSpYmYfa3HG4Hdz
nVWxzLu34d5Duage/14XeP6Zew+fxej6ERa5DVX4mv2dP8A/0RxYyROdEDBhSP3u
1ceeq5JxAMmO/ofLV2chOVlA9Tt+Td89dIsLzHzQcGHjzWcMSX9Z80HyNceFWMN/
58wy5K8Df4aKVRmCDHQJL37ZPb0AQluyAWDL8C2VSfjpg3kZc4Zw5U6iDpfghQJK
tV3XCWvO9xIpF3SBsa0b7mn+nOsOS0qhnmT8dw1g7h0Rd7zw3mtubwMpC+F9vC3L
FvGHxCNMmu6Ejb2vtBDHjpaiv4E05XPy0mVfWq/3oejjdNatJ/XNjoKhNATP0z/C
2tE6BOUsYMYrnYOzN4giHXYiZm8fSe8hQ31KKuXTV1izy3CL+uQAvgHkEIZBnt7v
Wp6rD0y+GvAIrfrrFk4ozeOjx/+zhWofR8iufbirM7u8EVX1FDqphZZJZu8Hnh87
Rrh+vx0sR/856joZvpZf+xV1xTs19YeIlkQWpQFGMtQ+R+eMLK7EmauRTlUBeh0l
1TZg1gaeb7E0CH3vjWRUk32XQgq10GFa3sIC9snzCMRTU+qmmyxEituzW6sSy72S
ED+j9OVYL9aJN7vLPXoyhYPNKTreY7SYAeGvVQSWptTkt7nucvVSadtuR5qs7Z2B
rijJZZHxPpq+8Q44309mj+8oq4eL+6D1BtSB1xfoxQlRr9JL8ASmszjhIjXbT/Yy
ZAsTTTbI8IIzNuT7AnZOkk262l0OUdKrycPfg6yQ0dGL+Y8I4TjFNMrHpP0WSwG2
p4jSMyWllbA/Vx+EY+mFoVDdqB8zTN7PhBOMAkV9f9O7b5Vmnrwz0fgsWddCdgfH
8hVjbK+QKWy99sexwJLzMLi0LyH3Jx/6QN3Q9lSuDtFJzF3z42+QvhdhqahydupB
Rx7gYsZID7lSf/MFxVEOnTaA7F4AVWdTp/VSNOQlfpu7FmFKK7lnbD6g/e9x5fZR
h9ymB91G6A1WQ2lPiRrIUE4DIustpz8=
